
*** Running vivado
    with args -log img_proc_video_stream_mux_0_0.vds -m64 -product Vivado -mode batch -messageDb vivado.pb -notrace -source img_proc_video_stream_mux_0_0.tcl


****** Vivado v2019.2 (64-bit)
  **** SW Build 2700185 on Thu Oct 24 18:45:48 MDT 2019
  **** IP Build 2699827 on Thu Oct 24 21:16:38 MDT 2019
    ** Copyright 1986-2019 Xilinx, Inc. All Rights Reserved.

source img_proc_video_stream_mux_0_0.tcl -notrace
INFO: [IP_Flow 19-234] Refreshing IP repositories
INFO: [IP_Flow 19-1700] Loaded user IP repository '/home/austin/Desktop/projects/zybo/zybo_img_proc/vhdl/digilent/vivado-library'.
INFO: [IP_Flow 19-1700] Loaded user IP repository '/home/austin/Desktop/projects/custom_ip_cores/video_stream_mux'.
INFO: [IP_Flow 19-2313] Loaded Vivado IP repository '/tools/Xilinx/Vivado/2019.2/data/ip'.
Command: synth_design -top img_proc_video_stream_mux_0_0 -part xc7z020clg400-1 -mode out_of_context
Starting synth_design
Attempting to get a license for feature 'Synthesis' and/or device 'xc7z020'
INFO: [Common 17-349] Got license for feature 'Synthesis' and/or device 'xc7z020'
INFO: [Device 21-403] Loading part xc7z020clg400-1
INFO: Launching helper process for spawning children vivado processes
INFO: Helper process launched with PID 8026 
---------------------------------------------------------------------------------
Starting RTL Elaboration : Time (s): cpu = 00:00:02 ; elapsed = 00:00:03 . Memory (MB): peak = 2009.141 ; gain = 202.684 ; free physical = 8252 ; free virtual = 17377
---------------------------------------------------------------------------------
INFO: [Synth 8-638] synthesizing module 'img_proc_video_stream_mux_0_0' [/home/austin/Desktop/projects/zybo/zybo_img_proc/vivado/img_proc/img_proc.srcs/sources_1/bd/img_proc/ip/img_proc_video_stream_mux_0_0/synth/img_proc_video_stream_mux_0_0.vhd:83]
INFO: [Synth 8-3491] module 'video_stream_mux' declared at '/home/austin/Desktop/projects/zybo/zybo_img_proc/vivado/img_proc/img_proc.srcs/sources_1/bd/img_proc/ipshared/332a/src/video_stream_mux.vhd:33' bound to instance 'U0' of component 'video_stream_mux' [/home/austin/Desktop/projects/zybo/zybo_img_proc/vivado/img_proc/img_proc.srcs/sources_1/bd/img_proc/ip/img_proc_video_stream_mux_0_0/synth/img_proc_video_stream_mux_0_0.vhd:148]
INFO: [Synth 8-638] synthesizing module 'video_stream_mux' [/home/austin/Desktop/projects/zybo/zybo_img_proc/vivado/img_proc/img_proc.srcs/sources_1/bd/img_proc/ipshared/332a/src/video_stream_mux.vhd:58]
INFO: [Synth 8-256] done synthesizing module 'video_stream_mux' (1#1) [/home/austin/Desktop/projects/zybo/zybo_img_proc/vivado/img_proc/img_proc.srcs/sources_1/bd/img_proc/ipshared/332a/src/video_stream_mux.vhd:58]
INFO: [Synth 8-256] done synthesizing module 'img_proc_video_stream_mux_0_0' (2#1) [/home/austin/Desktop/projects/zybo/zybo_img_proc/vivado/img_proc/img_proc.srcs/sources_1/bd/img_proc/ip/img_proc_video_stream_mux_0_0/synth/img_proc_video_stream_mux_0_0.vhd:83]
---------------------------------------------------------------------------------
Finished RTL Elaboration : Time (s): cpu = 00:00:03 ; elapsed = 00:00:04 . Memory (MB): peak = 2074.859 ; gain = 268.402 ; free physical = 8266 ; free virtual = 17392
---------------------------------------------------------------------------------

Report Check Netlist: 
+------+------------------+-------+---------+-------+------------------+
|      |Item              |Errors |Warnings |Status |Description       |
+------+------------------+-------+---------+-------+------------------+
|1     |multi_driven_nets |      0|        0|Passed |Multi driven nets |
+------+------------------+-------+---------+-------+------------------+
---------------------------------------------------------------------------------
Start Handling Custom Attributes
---------------------------------------------------------------------------------
---------------------------------------------------------------------------------
Finished Handling Custom Attributes : Time (s): cpu = 00:00:04 ; elapsed = 00:00:05 . Memory (MB): peak = 2074.859 ; gain = 268.402 ; free physical = 8230 ; free virtual = 17355
---------------------------------------------------------------------------------
---------------------------------------------------------------------------------
Finished RTL Optimization Phase 1 : Time (s): cpu = 00:00:04 ; elapsed = 00:00:05 . Memory (MB): peak = 2074.859 ; gain = 268.402 ; free physical = 8230 ; free virtual = 17355
---------------------------------------------------------------------------------
Netlist sorting complete. Time (s): cpu = 00:00:00 ; elapsed = 00:00:00 . Memory (MB): peak = 2074.859 ; gain = 0.000 ; free physical = 8222 ; free virtual = 17348
INFO: [Project 1-570] Preparing netlist for logic optimization

Processing XDC Constraints
Initializing timing engine
Completed Processing XDC Constraints

Netlist sorting complete. Time (s): cpu = 00:00:00 ; elapsed = 00:00:00 . Memory (MB): peak = 2171.672 ; gain = 0.000 ; free physical = 8001 ; free virtual = 17126
INFO: [Project 1-111] Unisim Transformation Summary:
No Unisim elements were transformed.

WARNING: [Constraints 18-5210] No constraints selected for write.
Resolution: This message can indicate that there are no constraints for the design, or it can indicate that the used_in flags are set such that the constraints are ignored. This later case is used when running synth_design to not write synthesis constraints to the resulting checkpoint. Instead, project constraints are read when the synthesized design is opened.
Constraint Validation Runtime : Time (s): cpu = 00:00:00.07 ; elapsed = 00:00:00.10 . Memory (MB): peak = 2171.672 ; gain = 0.000 ; free physical = 7985 ; free virtual = 17110
---------------------------------------------------------------------------------
Finished Constraint Validation : Time (s): cpu = 00:00:07 ; elapsed = 00:00:09 . Memory (MB): peak = 2171.672 ; gain = 365.215 ; free physical = 8224 ; free virtual = 17353
---------------------------------------------------------------------------------
---------------------------------------------------------------------------------
Start Loading Part and Timing Information
---------------------------------------------------------------------------------
Loading part: xc7z020clg400-1
---------------------------------------------------------------------------------
Finished Loading Part and Timing Information : Time (s): cpu = 00:00:07 ; elapsed = 00:00:09 . Memory (MB): peak = 2171.672 ; gain = 365.215 ; free physical = 8224 ; free virtual = 17353
---------------------------------------------------------------------------------
---------------------------------------------------------------------------------
Start Applying 'set_property' XDC Constraints
---------------------------------------------------------------------------------
---------------------------------------------------------------------------------
Finished applying 'set_property' XDC Constraints : Time (s): cpu = 00:00:07 ; elapsed = 00:00:09 . Memory (MB): peak = 2171.672 ; gain = 365.215 ; free physical = 8227 ; free virtual = 17356
---------------------------------------------------------------------------------
---------------------------------------------------------------------------------
Finished RTL Optimization Phase 2 : Time (s): cpu = 00:00:07 ; elapsed = 00:00:09 . Memory (MB): peak = 2171.672 ; gain = 365.215 ; free physical = 8218 ; free virtual = 17348
---------------------------------------------------------------------------------

Report RTL Partitions: 
+-+--------------+------------+----------+
| |RTL Partition |Replication |Instances |
+-+--------------+------------+----------+
+-+--------------+------------+----------+
---------------------------------------------------------------------------------
Start RTL Component Statistics 
---------------------------------------------------------------------------------
Detailed RTL Component Info : 
+---Muxes : 
	   2 Input     24 Bit        Muxes := 1     
	   2 Input      3 Bit        Muxes := 1     
	   2 Input      1 Bit        Muxes := 4     
---------------------------------------------------------------------------------
Finished RTL Component Statistics 
---------------------------------------------------------------------------------
---------------------------------------------------------------------------------
Start RTL Hierarchical Component Statistics 
---------------------------------------------------------------------------------
Hierarchical RTL Component report 
Module video_stream_mux 
Detailed RTL Component Info : 
+---Muxes : 
	   2 Input     24 Bit        Muxes := 1     
	   2 Input      3 Bit        Muxes := 1     
	   2 Input      1 Bit        Muxes := 4     
---------------------------------------------------------------------------------
Finished RTL Hierarchical Component Statistics
---------------------------------------------------------------------------------
---------------------------------------------------------------------------------
Start Part Resource Summary
---------------------------------------------------------------------------------
Part Resources:
DSPs: 220 (col length:60)
BRAMs: 280 (col length: RAMB18 60 RAMB36 30)
---------------------------------------------------------------------------------
Finished Part Resource Summary
---------------------------------------------------------------------------------
---------------------------------------------------------------------------------
Start Cross Boundary and Area Optimization
---------------------------------------------------------------------------------
Warning: Parallel synthesis criteria is not met 
---------------------------------------------------------------------------------
Finished Cross Boundary and Area Optimization : Time (s): cpu = 00:00:08 ; elapsed = 00:00:10 . Memory (MB): peak = 2171.672 ; gain = 365.215 ; free physical = 8185 ; free virtual = 17317
---------------------------------------------------------------------------------

Report RTL Partitions: 
+-+--------------+------------+----------+
| |RTL Partition |Replication |Instances |
+-+--------------+------------+----------+
+-+--------------+------------+----------+
---------------------------------------------------------------------------------
Start Applying XDC Timing Constraints
---------------------------------------------------------------------------------
---------------------------------------------------------------------------------
Finished Applying XDC Timing Constraints : Time (s): cpu = 00:00:12 ; elapsed = 00:00:15 . Memory (MB): peak = 2171.672 ; gain = 365.215 ; free physical = 7585 ; free virtual = 16720
---------------------------------------------------------------------------------
---------------------------------------------------------------------------------
Start Timing Optimization
---------------------------------------------------------------------------------
---------------------------------------------------------------------------------
Finished Timing Optimization : Time (s): cpu = 00:00:12 ; elapsed = 00:00:15 . Memory (MB): peak = 2171.672 ; gain = 365.215 ; free physical = 7585 ; free virtual = 16720
---------------------------------------------------------------------------------

Report RTL Partitions: 
+-+--------------+------------+----------+
| |RTL Partition |Replication |Instances |
+-+--------------+------------+----------+
+-+--------------+------------+----------+
---------------------------------------------------------------------------------
Start Technology Mapping
---------------------------------------------------------------------------------
---------------------------------------------------------------------------------
Finished Technology Mapping : Time (s): cpu = 00:00:12 ; elapsed = 00:00:15 . Memory (MB): peak = 2171.672 ; gain = 365.215 ; free physical = 7583 ; free virtual = 16718
---------------------------------------------------------------------------------

Report RTL Partitions: 
+-+--------------+------------+----------+
| |RTL Partition |Replication |Instances |
+-+--------------+------------+----------+
+-+--------------+------------+----------+
---------------------------------------------------------------------------------
Start IO Insertion
---------------------------------------------------------------------------------
---------------------------------------------------------------------------------
Start Flattening Before IO Insertion
---------------------------------------------------------------------------------
---------------------------------------------------------------------------------
Finished Flattening Before IO Insertion
---------------------------------------------------------------------------------
---------------------------------------------------------------------------------
Start Final Netlist Cleanup
---------------------------------------------------------------------------------
---------------------------------------------------------------------------------
Finished Final Netlist Cleanup
---------------------------------------------------------------------------------
---------------------------------------------------------------------------------
Finished IO Insertion : Time (s): cpu = 00:00:15 ; elapsed = 00:00:18 . Memory (MB): peak = 2181.547 ; gain = 375.090 ; free physical = 7550 ; free virtual = 16686
---------------------------------------------------------------------------------
---------------------------------------------------------------------------------
Start Renaming Generated Instances
---------------------------------------------------------------------------------
---------------------------------------------------------------------------------
Finished Renaming Generated Instances : Time (s): cpu = 00:00:15 ; elapsed = 00:00:18 . Memory (MB): peak = 2181.547 ; gain = 375.090 ; free physical = 7550 ; free virtual = 16686
---------------------------------------------------------------------------------

Report RTL Partitions: 
+-+--------------+------------+----------+
| |RTL Partition |Replication |Instances |
+-+--------------+------------+----------+
+-+--------------+------------+----------+

Report Check Netlist: 
+------+------------------+-------+---------+-------+------------------+
|      |Item              |Errors |Warnings |Status |Description       |
+------+------------------+-------+---------+-------+------------------+
|1     |multi_driven_nets |      0|        0|Passed |Multi driven nets |
+------+------------------+-------+---------+-------+------------------+
---------------------------------------------------------------------------------
Start Rebuilding User Hierarchy
---------------------------------------------------------------------------------
---------------------------------------------------------------------------------
Finished Rebuilding User Hierarchy : Time (s): cpu = 00:00:15 ; elapsed = 00:00:18 . Memory (MB): peak = 2181.547 ; gain = 375.090 ; free physical = 7550 ; free virtual = 16686
---------------------------------------------------------------------------------
---------------------------------------------------------------------------------
Start Renaming Generated Ports
---------------------------------------------------------------------------------
---------------------------------------------------------------------------------
Finished Renaming Generated Ports : Time (s): cpu = 00:00:15 ; elapsed = 00:00:18 . Memory (MB): peak = 2181.547 ; gain = 375.090 ; free physical = 7550 ; free virtual = 16686
---------------------------------------------------------------------------------
---------------------------------------------------------------------------------
Start Handling Custom Attributes
---------------------------------------------------------------------------------
---------------------------------------------------------------------------------
Finished Handling Custom Attributes : Time (s): cpu = 00:00:15 ; elapsed = 00:00:18 . Memory (MB): peak = 2181.547 ; gain = 375.090 ; free physical = 7550 ; free virtual = 16686
---------------------------------------------------------------------------------
---------------------------------------------------------------------------------
Start Renaming Generated Nets
---------------------------------------------------------------------------------
---------------------------------------------------------------------------------
Finished Renaming Generated Nets : Time (s): cpu = 00:00:15 ; elapsed = 00:00:18 . Memory (MB): peak = 2181.547 ; gain = 375.090 ; free physical = 7550 ; free virtual = 16686
---------------------------------------------------------------------------------
---------------------------------------------------------------------------------
Start Writing Synthesis Report
---------------------------------------------------------------------------------

Report BlackBoxes: 
+-+--------------+----------+
| |BlackBox name |Instances |
+-+--------------+----------+
+-+--------------+----------+

Report Cell Usage: 
+------+-----+------+
|      |Cell |Count |
+------+-----+------+
|1     |LUT2 |     2|
|2     |LUT3 |    31|
+------+-----+------+

Report Instance Areas: 
+------+---------+-----------------+------+
|      |Instance |Module           |Cells |
+------+---------+-----------------+------+
|1     |top      |                 |    33|
|2     |  U0     |video_stream_mux |    27|
+------+---------+-----------------+------+
---------------------------------------------------------------------------------
Finished Writing Synthesis Report : Time (s): cpu = 00:00:15 ; elapsed = 00:00:18 . Memory (MB): peak = 2181.547 ; gain = 375.090 ; free physical = 7550 ; free virtual = 16686
---------------------------------------------------------------------------------
Synthesis finished with 0 errors, 0 critical warnings and 0 warnings.
Synthesis Optimization Runtime : Time (s): cpu = 00:00:14 ; elapsed = 00:00:17 . Memory (MB): peak = 2181.547 ; gain = 278.277 ; free physical = 7606 ; free virtual = 16743
Synthesis Optimization Complete : Time (s): cpu = 00:00:15 ; elapsed = 00:00:18 . Memory (MB): peak = 2181.555 ; gain = 375.090 ; free physical = 7606 ; free virtual = 16743
INFO: [Project 1-571] Translating synthesized netlist
Netlist sorting complete. Time (s): cpu = 00:00:00 ; elapsed = 00:00:00 . Memory (MB): peak = 2181.555 ; gain = 0.000 ; free physical = 7671 ; free virtual = 16808
INFO: [Project 1-570] Preparing netlist for logic optimization
INFO: [Opt 31-138] Pushed 0 inverter(s) to 0 load pin(s).
Netlist sorting complete. Time (s): cpu = 00:00:00 ; elapsed = 00:00:00 . Memory (MB): peak = 2224.469 ; gain = 0.000 ; free physical = 7604 ; free virtual = 16741
INFO: [Project 1-111] Unisim Transformation Summary:
No Unisim elements were transformed.

INFO: [Common 17-83] Releasing license: Synthesis
18 Infos, 1 Warnings, 0 Critical Warnings and 0 Errors encountered.
synth_design completed successfully
synth_design: Time (s): cpu = 00:00:20 ; elapsed = 00:00:26 . Memory (MB): peak = 2224.469 ; gain = 667.547 ; free physical = 7737 ; free virtual = 16874
Netlist sorting complete. Time (s): cpu = 00:00:00 ; elapsed = 00:00:00 . Memory (MB): peak = 2224.469 ; gain = 0.000 ; free physical = 7737 ; free virtual = 16874
WARNING: [Constraints 18-5210] No constraints selected for write.
Resolution: This message can indicate that there are no constraints for the design, or it can indicate that the used_in flags are set such that the constraints are ignored. This later case is used when running synth_design to not write synthesis constraints to the resulting checkpoint. Instead, project constraints are read when the synthesized design is opened.
INFO: [Common 17-1381] The checkpoint '/home/austin/Desktop/projects/zybo/zybo_img_proc/vivado/img_proc/img_proc.runs/img_proc_video_stream_mux_0_0_synth_1/img_proc_video_stream_mux_0_0.dcp' has been generated.
WARNING: [Common 17-576] 'use_project_ipc' is deprecated. This option is deprecated and no longer used.
INFO: [Coretcl 2-1648] Added synthesis output to IP cache for IP img_proc_video_stream_mux_0_0, cache-ID = 89f65819a0c9a67d
Netlist sorting complete. Time (s): cpu = 00:00:00 ; elapsed = 00:00:00 . Memory (MB): peak = 2248.480 ; gain = 0.000 ; free physical = 7703 ; free virtual = 16840
WARNING: [Constraints 18-5210] No constraints selected for write.
Resolution: This message can indicate that there are no constraints for the design, or it can indicate that the used_in flags are set such that the constraints are ignored. This later case is used when running synth_design to not write synthesis constraints to the resulting checkpoint. Instead, project constraints are read when the synthesized design is opened.
INFO: [Common 17-1381] The checkpoint '/home/austin/Desktop/projects/zybo/zybo_img_proc/vivado/img_proc/img_proc.runs/img_proc_video_stream_mux_0_0_synth_1/img_proc_video_stream_mux_0_0.dcp' has been generated.
INFO: [runtcl-4] Executing : report_utilization -file img_proc_video_stream_mux_0_0_utilization_synth.rpt -pb img_proc_video_stream_mux_0_0_utilization_synth.pb
INFO: [Common 17-206] Exiting Vivado at Sun Dec  8 19:55:28 2019...
