
*** Running vivado
    with args -log img_proc_test_wrapper.vds -m64 -product Vivado -mode batch -messageDb vivado.pb -notrace -source img_proc_test_wrapper.tcl


****** Vivado v2019.2 (64-bit)
  **** SW Build 2700185 on Thu Oct 24 18:45:48 MDT 2019
  **** IP Build 2699827 on Thu Oct 24 21:16:38 MDT 2019
    ** Copyright 1986-2019 Xilinx, Inc. All Rights Reserved.

source img_proc_test_wrapper.tcl -notrace
INFO: [IP_Flow 19-234] Refreshing IP repositories
INFO: [IP_Flow 19-1700] Loaded user IP repository '/home/austin/Desktop/projects/zybo/img_proc/vhdl/digilent/vivado-library'.
INFO: [IP_Flow 19-2313] Loaded Vivado IP repository '/tools/Xilinx/Vivado/2019.2/data/ip'.
WARNING: [BD 41-1661] One or more IPs have been locked in the design 'img_proc_test.bd'. Please run report_ip_status for more details and recommendations on how to fix this issue.
List of locked IPs:
img_proc_test_dvi2rgb_0_1

Command: synth_design -top img_proc_test_wrapper -part xc7z020clg400-1
Starting synth_design
Attempting to get a license for feature 'Synthesis' and/or device 'xc7z020'
INFO: [Common 17-349] Got license for feature 'Synthesis' and/or device 'xc7z020'
INFO: [Device 21-403] Loading part xc7z020clg400-1
INFO: Launching helper process for spawning children vivado processes
INFO: Helper process launched with PID 13778 
---------------------------------------------------------------------------------
Starting RTL Elaboration : Time (s): cpu = 00:00:02 ; elapsed = 00:00:03 . Memory (MB): peak = 2036.383 ; gain = 200.715 ; free physical = 15698 ; free virtual = 23803
---------------------------------------------------------------------------------
INFO: [Synth 8-638] synthesizing module 'img_proc_test_wrapper' [/home/austin/Desktop/projects/zybo/img_proc/vivado/img_proc/img_proc.srcs/sources_1/imports/hdl/img_proc_test_wrapper.vhd:32]
INFO: [Synth 8-3491] module 'IOBUF' declared at '/tools/Xilinx/Vivado/2019.2/scripts/rt/data/unisim_comp.v:36196' bound to instance 'hdmi_in_ddc_scl_iobuf' of component 'IOBUF' [/home/austin/Desktop/projects/zybo/img_proc/vivado/img_proc/img_proc.srcs/sources_1/imports/hdl/img_proc_test_wrapper.vhd:69]
INFO: [Synth 8-6157] synthesizing module 'IOBUF' [/tools/Xilinx/Vivado/2019.2/scripts/rt/data/unisim_comp.v:36196]
	Parameter DRIVE bound to: 12 - type: integer 
	Parameter IBUF_LOW_PWR bound to: TRUE - type: string 
	Parameter IOSTANDARD bound to: DEFAULT - type: string 
	Parameter SLEW bound to: SLOW - type: string 
INFO: [Synth 8-6155] done synthesizing module 'IOBUF' (1#1) [/tools/Xilinx/Vivado/2019.2/scripts/rt/data/unisim_comp.v:36196]
INFO: [Synth 8-3491] module 'IOBUF' declared at '/tools/Xilinx/Vivado/2019.2/scripts/rt/data/unisim_comp.v:36196' bound to instance 'hdmi_in_ddc_sda_iobuf' of component 'IOBUF' [/home/austin/Desktop/projects/zybo/img_proc/vivado/img_proc/img_proc.srcs/sources_1/imports/hdl/img_proc_test_wrapper.vhd:76]
INFO: [Synth 8-3491] module 'img_proc_test' declared at '/home/austin/Desktop/projects/zybo/img_proc/vivado/img_proc/img_proc.srcs/sources_1/bd/img_proc_test/synth/img_proc_test.vhd:14' bound to instance 'img_proc_test_i' of component 'img_proc_test' [/home/austin/Desktop/projects/zybo/img_proc/vivado/img_proc/img_proc.srcs/sources_1/imports/hdl/img_proc_test_wrapper.vhd:83]
INFO: [Synth 8-638] synthesizing module 'img_proc_test' [/home/austin/Desktop/projects/zybo/img_proc/vivado/img_proc/img_proc.srcs/sources_1/bd/img_proc_test/synth/img_proc_test.vhd:40]
INFO: [Synth 8-3491] module 'img_proc_test_clk_wiz_0_0' declared at '/home/austin/Desktop/projects/zybo/img_proc/vivado/img_proc/img_proc.runs/synth_1/.Xil/Vivado-13711-austin-ubuntu/realtime/img_proc_test_clk_wiz_0_0_stub.vhdl:5' bound to instance 'clk_wiz_0' of component 'img_proc_test_clk_wiz_0_0' [/home/austin/Desktop/projects/zybo/img_proc/vivado/img_proc/img_proc.srcs/sources_1/bd/img_proc_test/synth/img_proc_test.vhd:156]
INFO: [Synth 8-638] synthesizing module 'img_proc_test_clk_wiz_0_0' [/home/austin/Desktop/projects/zybo/img_proc/vivado/img_proc/img_proc.runs/synth_1/.Xil/Vivado-13711-austin-ubuntu/realtime/img_proc_test_clk_wiz_0_0_stub.vhdl:15]
INFO: [Synth 8-3491] module 'img_proc_test_dvi2rgb_0_1' declared at '/home/austin/Desktop/projects/zybo/img_proc/vivado/img_proc/img_proc.runs/synth_1/.Xil/Vivado-13711-austin-ubuntu/realtime/img_proc_test_dvi2rgb_0_1_stub.vhdl:5' bound to instance 'dvi2rgb_0' of component 'img_proc_test_dvi2rgb_0_1' [/home/austin/Desktop/projects/zybo/img_proc/vivado/img_proc/img_proc.srcs/sources_1/bd/img_proc_test/synth/img_proc_test.vhd:163]
INFO: [Synth 8-638] synthesizing module 'img_proc_test_dvi2rgb_0_1' [/home/austin/Desktop/projects/zybo/img_proc/vivado/img_proc/img_proc.runs/synth_1/.Xil/Vivado-13711-austin-ubuntu/realtime/img_proc_test_dvi2rgb_0_1_stub.vhdl:31]
INFO: [Synth 8-3491] module 'img_proc_test_rgb2dvi_0_1' declared at '/home/austin/Desktop/projects/zybo/img_proc/vivado/img_proc/img_proc.runs/synth_1/.Xil/Vivado-13711-austin-ubuntu/realtime/img_proc_test_rgb2dvi_0_1_stub.vhdl:5' bound to instance 'rgb2dvi_0' of component 'img_proc_test_rgb2dvi_0_1' [/home/austin/Desktop/projects/zybo/img_proc/vivado/img_proc/img_proc.srcs/sources_1/bd/img_proc_test/synth/img_proc_test.vhd:186]
INFO: [Synth 8-638] synthesizing module 'img_proc_test_rgb2dvi_0_1' [/home/austin/Desktop/projects/zybo/img_proc/vivado/img_proc/img_proc.runs/synth_1/.Xil/Vivado-13711-austin-ubuntu/realtime/img_proc_test_rgb2dvi_0_1_stub.vhdl:21]
INFO: [Synth 8-3491] module 'img_proc_test_xlconstant_0_0' declared at '/home/austin/Desktop/projects/zybo/img_proc/vivado/img_proc/img_proc.srcs/sources_1/bd/img_proc_test/ip/img_proc_test_xlconstant_0_0/synth/img_proc_test_xlconstant_0_0.v:57' bound to instance 'xlconstant_0' of component 'img_proc_test_xlconstant_0_0' [/home/austin/Desktop/projects/zybo/img_proc/vivado/img_proc/img_proc.srcs/sources_1/bd/img_proc_test/synth/img_proc_test.vhd:199]
INFO: [Synth 8-6157] synthesizing module 'img_proc_test_xlconstant_0_0' [/home/austin/Desktop/projects/zybo/img_proc/vivado/img_proc/img_proc.srcs/sources_1/bd/img_proc_test/ip/img_proc_test_xlconstant_0_0/synth/img_proc_test_xlconstant_0_0.v:57]
INFO: [Synth 8-6157] synthesizing module 'xlconstant_v1_1_6_xlconstant' [/home/austin/Desktop/projects/zybo/img_proc/vivado/img_proc/img_proc.srcs/sources_1/bd/img_proc_test/ipshared/34f7/hdl/xlconstant_v1_1_vl_rfs.v:23]
	Parameter CONST_VAL bound to: 1 - type: integer 
	Parameter CONST_WIDTH bound to: 1 - type: integer 
INFO: [Synth 8-6155] done synthesizing module 'xlconstant_v1_1_6_xlconstant' (2#1) [/home/austin/Desktop/projects/zybo/img_proc/vivado/img_proc/img_proc.srcs/sources_1/bd/img_proc_test/ipshared/34f7/hdl/xlconstant_v1_1_vl_rfs.v:23]
INFO: [Synth 8-6155] done synthesizing module 'img_proc_test_xlconstant_0_0' (3#1) [/home/austin/Desktop/projects/zybo/img_proc/vivado/img_proc/img_proc.srcs/sources_1/bd/img_proc_test/ip/img_proc_test_xlconstant_0_0/synth/img_proc_test_xlconstant_0_0.v:57]
INFO: [Synth 8-256] done synthesizing module 'img_proc_test' (4#1) [/home/austin/Desktop/projects/zybo/img_proc/vivado/img_proc/img_proc.srcs/sources_1/bd/img_proc_test/synth/img_proc_test.vhd:40]
INFO: [Synth 8-256] done synthesizing module 'img_proc_test_wrapper' (5#1) [/home/austin/Desktop/projects/zybo/img_proc/vivado/img_proc/img_proc.srcs/sources_1/imports/hdl/img_proc_test_wrapper.vhd:32]
---------------------------------------------------------------------------------
Finished RTL Elaboration : Time (s): cpu = 00:00:03 ; elapsed = 00:00:04 . Memory (MB): peak = 2102.102 ; gain = 266.434 ; free physical = 15731 ; free virtual = 23836
---------------------------------------------------------------------------------

Report Check Netlist: 
+------+------------------+-------+---------+-------+------------------+
|      |Item              |Errors |Warnings |Status |Description       |
+------+------------------+-------+---------+-------+------------------+
|1     |multi_driven_nets |      0|        0|Passed |Multi driven nets |
+------+------------------+-------+---------+-------+------------------+
---------------------------------------------------------------------------------
Start Handling Custom Attributes
---------------------------------------------------------------------------------
---------------------------------------------------------------------------------
Finished Handling Custom Attributes : Time (s): cpu = 00:00:03 ; elapsed = 00:00:05 . Memory (MB): peak = 2102.102 ; gain = 266.434 ; free physical = 15728 ; free virtual = 23834
---------------------------------------------------------------------------------
---------------------------------------------------------------------------------
Finished RTL Optimization Phase 1 : Time (s): cpu = 00:00:03 ; elapsed = 00:00:05 . Memory (MB): peak = 2102.102 ; gain = 266.434 ; free physical = 15728 ; free virtual = 23834
---------------------------------------------------------------------------------
Netlist sorting complete. Time (s): cpu = 00:00:00 ; elapsed = 00:00:00 . Memory (MB): peak = 2113.008 ; gain = 0.000 ; free physical = 15721 ; free virtual = 23826
INFO: [Netlist 29-17] Analyzing 2 Unisim elements for replacement
INFO: [Netlist 29-28] Unisim Transformation completed in 0 CPU seconds
INFO: [Project 1-570] Preparing netlist for logic optimization

Processing XDC Constraints
Initializing timing engine
Parsing XDC File [/home/austin/Desktop/projects/zybo/img_proc/vivado/img_proc/img_proc.srcs/sources_1/bd/img_proc_test/ip/img_proc_test_dvi2rgb_0_1/img_proc_test_dvi2rgb_0_1/img_proc_test_dvi2rgb_0_1_in_context.xdc] for cell 'img_proc_test_i/dvi2rgb_0'
Finished Parsing XDC File [/home/austin/Desktop/projects/zybo/img_proc/vivado/img_proc/img_proc.srcs/sources_1/bd/img_proc_test/ip/img_proc_test_dvi2rgb_0_1/img_proc_test_dvi2rgb_0_1/img_proc_test_dvi2rgb_0_1_in_context.xdc] for cell 'img_proc_test_i/dvi2rgb_0'
Parsing XDC File [/home/austin/Desktop/projects/zybo/img_proc/vivado/img_proc/img_proc.srcs/sources_1/bd/img_proc_test/ip/img_proc_test_rgb2dvi_0_1/img_proc_test_rgb2dvi_0_1/img_proc_test_rgb2dvi_0_1_in_context.xdc] for cell 'img_proc_test_i/rgb2dvi_0'
Finished Parsing XDC File [/home/austin/Desktop/projects/zybo/img_proc/vivado/img_proc/img_proc.srcs/sources_1/bd/img_proc_test/ip/img_proc_test_rgb2dvi_0_1/img_proc_test_rgb2dvi_0_1/img_proc_test_rgb2dvi_0_1_in_context.xdc] for cell 'img_proc_test_i/rgb2dvi_0'
Parsing XDC File [/home/austin/Desktop/projects/zybo/img_proc/vivado/img_proc/img_proc.srcs/sources_1/bd/img_proc_test/ip/img_proc_test_clk_wiz_0_0/img_proc_test_clk_wiz_0_0/img_proc_test_clk_wiz_0_0_in_context.xdc] for cell 'img_proc_test_i/clk_wiz_0'
Finished Parsing XDC File [/home/austin/Desktop/projects/zybo/img_proc/vivado/img_proc/img_proc.srcs/sources_1/bd/img_proc_test/ip/img_proc_test_clk_wiz_0_0/img_proc_test_clk_wiz_0_0/img_proc_test_clk_wiz_0_0_in_context.xdc] for cell 'img_proc_test_i/clk_wiz_0'
Parsing XDC File [/home/austin/Desktop/projects/zybo/img_proc/vhdl/Zybo-Z7-Master.xdc]
Finished Parsing XDC File [/home/austin/Desktop/projects/zybo/img_proc/vhdl/Zybo-Z7-Master.xdc]
INFO: [Project 1-236] Implementation specific constraints were found while reading constraint file [/home/austin/Desktop/projects/zybo/img_proc/vhdl/Zybo-Z7-Master.xdc]. These constraints will be ignored for synthesis but will be used in implementation. Impacted constraints are listed in the file [.Xil/img_proc_test_wrapper_propImpl.xdc].
Resolution: To avoid this warning, move constraints listed in [.Xil/img_proc_test_wrapper_propImpl.xdc] to another XDC file and exclude this new file from synthesis with the used_in_synthesis property (File Properties dialog in GUI) and re-run elaboration/synthesis.
Parsing XDC File [/home/austin/Desktop/projects/zybo/img_proc/vivado/img_proc/img_proc.runs/synth_1/dont_touch.xdc]
Finished Parsing XDC File [/home/austin/Desktop/projects/zybo/img_proc/vivado/img_proc/img_proc.runs/synth_1/dont_touch.xdc]
Completed Processing XDC Constraints

Netlist sorting complete. Time (s): cpu = 00:00:00 ; elapsed = 00:00:00 . Memory (MB): peak = 2198.852 ; gain = 0.000 ; free physical = 15639 ; free virtual = 23744
INFO: [Project 1-111] Unisim Transformation Summary:
  A total of 2 instances were transformed.
  IOBUF => IOBUF (IBUF, OBUFT): 2 instances

Constraint Validation Runtime : Time (s): cpu = 00:00:00 ; elapsed = 00:00:00 . Memory (MB): peak = 2198.852 ; gain = 0.000 ; free physical = 15639 ; free virtual = 23744
---------------------------------------------------------------------------------
Finished Constraint Validation : Time (s): cpu = 00:00:07 ; elapsed = 00:00:10 . Memory (MB): peak = 2198.852 ; gain = 363.184 ; free physical = 15705 ; free virtual = 23810
---------------------------------------------------------------------------------
---------------------------------------------------------------------------------
Start Loading Part and Timing Information
---------------------------------------------------------------------------------
Loading part: xc7z020clg400-1
---------------------------------------------------------------------------------
Finished Loading Part and Timing Information : Time (s): cpu = 00:00:07 ; elapsed = 00:00:10 . Memory (MB): peak = 2198.852 ; gain = 363.184 ; free physical = 15705 ; free virtual = 23810
---------------------------------------------------------------------------------
---------------------------------------------------------------------------------
Start Applying 'set_property' XDC Constraints
---------------------------------------------------------------------------------
Applied set_property IO_BUFFER_TYPE = NONE for hdmi_in_clk_n. (constraint file  /home/austin/Desktop/projects/zybo/img_proc/vivado/img_proc/img_proc.srcs/sources_1/bd/img_proc_test/ip/img_proc_test_dvi2rgb_0_1/img_proc_test_dvi2rgb_0_1/img_proc_test_dvi2rgb_0_1_in_context.xdc, line 2).
Applied set_property CLOCK_BUFFER_TYPE = NONE for hdmi_in_clk_n. (constraint file  /home/austin/Desktop/projects/zybo/img_proc/vivado/img_proc/img_proc.srcs/sources_1/bd/img_proc_test/ip/img_proc_test_dvi2rgb_0_1/img_proc_test_dvi2rgb_0_1/img_proc_test_dvi2rgb_0_1_in_context.xdc, line 3).
Applied set_property IO_BUFFER_TYPE = NONE for hdmi_in_clk_p. (constraint file  /home/austin/Desktop/projects/zybo/img_proc/vivado/img_proc/img_proc.srcs/sources_1/bd/img_proc_test/ip/img_proc_test_dvi2rgb_0_1/img_proc_test_dvi2rgb_0_1/img_proc_test_dvi2rgb_0_1_in_context.xdc, line 4).
Applied set_property CLOCK_BUFFER_TYPE = NONE for hdmi_in_clk_p. (constraint file  /home/austin/Desktop/projects/zybo/img_proc/vivado/img_proc/img_proc.srcs/sources_1/bd/img_proc_test/ip/img_proc_test_dvi2rgb_0_1/img_proc_test_dvi2rgb_0_1/img_proc_test_dvi2rgb_0_1_in_context.xdc, line 5).
Applied set_property IO_BUFFER_TYPE = NONE for hdmi_in_data_n[0]. (constraint file  /home/austin/Desktop/projects/zybo/img_proc/vivado/img_proc/img_proc.srcs/sources_1/bd/img_proc_test/ip/img_proc_test_dvi2rgb_0_1/img_proc_test_dvi2rgb_0_1/img_proc_test_dvi2rgb_0_1_in_context.xdc, line 6).
Applied set_property CLOCK_BUFFER_TYPE = NONE for hdmi_in_data_n[0]. (constraint file  /home/austin/Desktop/projects/zybo/img_proc/vivado/img_proc/img_proc.srcs/sources_1/bd/img_proc_test/ip/img_proc_test_dvi2rgb_0_1/img_proc_test_dvi2rgb_0_1/img_proc_test_dvi2rgb_0_1_in_context.xdc, line 7).
Applied set_property IO_BUFFER_TYPE = NONE for hdmi_in_data_n[1]. (constraint file  /home/austin/Desktop/projects/zybo/img_proc/vivado/img_proc/img_proc.srcs/sources_1/bd/img_proc_test/ip/img_proc_test_dvi2rgb_0_1/img_proc_test_dvi2rgb_0_1/img_proc_test_dvi2rgb_0_1_in_context.xdc, line 8).
Applied set_property CLOCK_BUFFER_TYPE = NONE for hdmi_in_data_n[1]. (constraint file  /home/austin/Desktop/projects/zybo/img_proc/vivado/img_proc/img_proc.srcs/sources_1/bd/img_proc_test/ip/img_proc_test_dvi2rgb_0_1/img_proc_test_dvi2rgb_0_1/img_proc_test_dvi2rgb_0_1_in_context.xdc, line 9).
Applied set_property IO_BUFFER_TYPE = NONE for hdmi_in_data_n[2]. (constraint file  /home/austin/Desktop/projects/zybo/img_proc/vivado/img_proc/img_proc.srcs/sources_1/bd/img_proc_test/ip/img_proc_test_dvi2rgb_0_1/img_proc_test_dvi2rgb_0_1/img_proc_test_dvi2rgb_0_1_in_context.xdc, line 10).
Applied set_property CLOCK_BUFFER_TYPE = NONE for hdmi_in_data_n[2]. (constraint file  /home/austin/Desktop/projects/zybo/img_proc/vivado/img_proc/img_proc.srcs/sources_1/bd/img_proc_test/ip/img_proc_test_dvi2rgb_0_1/img_proc_test_dvi2rgb_0_1/img_proc_test_dvi2rgb_0_1_in_context.xdc, line 11).
Applied set_property IO_BUFFER_TYPE = NONE for hdmi_in_data_p[0]. (constraint file  /home/austin/Desktop/projects/zybo/img_proc/vivado/img_proc/img_proc.srcs/sources_1/bd/img_proc_test/ip/img_proc_test_dvi2rgb_0_1/img_proc_test_dvi2rgb_0_1/img_proc_test_dvi2rgb_0_1_in_context.xdc, line 12).
Applied set_property CLOCK_BUFFER_TYPE = NONE for hdmi_in_data_p[0]. (constraint file  /home/austin/Desktop/projects/zybo/img_proc/vivado/img_proc/img_proc.srcs/sources_1/bd/img_proc_test/ip/img_proc_test_dvi2rgb_0_1/img_proc_test_dvi2rgb_0_1/img_proc_test_dvi2rgb_0_1_in_context.xdc, line 13).
Applied set_property IO_BUFFER_TYPE = NONE for hdmi_in_data_p[1]. (constraint file  /home/austin/Desktop/projects/zybo/img_proc/vivado/img_proc/img_proc.srcs/sources_1/bd/img_proc_test/ip/img_proc_test_dvi2rgb_0_1/img_proc_test_dvi2rgb_0_1/img_proc_test_dvi2rgb_0_1_in_context.xdc, line 14).
Applied set_property CLOCK_BUFFER_TYPE = NONE for hdmi_in_data_p[1]. (constraint file  /home/austin/Desktop/projects/zybo/img_proc/vivado/img_proc/img_proc.srcs/sources_1/bd/img_proc_test/ip/img_proc_test_dvi2rgb_0_1/img_proc_test_dvi2rgb_0_1/img_proc_test_dvi2rgb_0_1_in_context.xdc, line 15).
Applied set_property IO_BUFFER_TYPE = NONE for hdmi_in_data_p[2]. (constraint file  /home/austin/Desktop/projects/zybo/img_proc/vivado/img_proc/img_proc.srcs/sources_1/bd/img_proc_test/ip/img_proc_test_dvi2rgb_0_1/img_proc_test_dvi2rgb_0_1/img_proc_test_dvi2rgb_0_1_in_context.xdc, line 16).
Applied set_property CLOCK_BUFFER_TYPE = NONE for hdmi_in_data_p[2]. (constraint file  /home/austin/Desktop/projects/zybo/img_proc/vivado/img_proc/img_proc.srcs/sources_1/bd/img_proc_test/ip/img_proc_test_dvi2rgb_0_1/img_proc_test_dvi2rgb_0_1/img_proc_test_dvi2rgb_0_1_in_context.xdc, line 17).
Applied set_property IO_BUFFER_TYPE = NONE for hdmi_out_clk_n. (constraint file  /home/austin/Desktop/projects/zybo/img_proc/vivado/img_proc/img_proc.srcs/sources_1/bd/img_proc_test/ip/img_proc_test_rgb2dvi_0_1/img_proc_test_rgb2dvi_0_1/img_proc_test_rgb2dvi_0_1_in_context.xdc, line 1).
Applied set_property CLOCK_BUFFER_TYPE = NONE for hdmi_out_clk_n. (constraint file  /home/austin/Desktop/projects/zybo/img_proc/vivado/img_proc/img_proc.srcs/sources_1/bd/img_proc_test/ip/img_proc_test_rgb2dvi_0_1/img_proc_test_rgb2dvi_0_1/img_proc_test_rgb2dvi_0_1_in_context.xdc, line 2).
Applied set_property IO_BUFFER_TYPE = NONE for hdmi_out_clk_p. (constraint file  /home/austin/Desktop/projects/zybo/img_proc/vivado/img_proc/img_proc.srcs/sources_1/bd/img_proc_test/ip/img_proc_test_rgb2dvi_0_1/img_proc_test_rgb2dvi_0_1/img_proc_test_rgb2dvi_0_1_in_context.xdc, line 3).
Applied set_property CLOCK_BUFFER_TYPE = NONE for hdmi_out_clk_p. (constraint file  /home/austin/Desktop/projects/zybo/img_proc/vivado/img_proc/img_proc.srcs/sources_1/bd/img_proc_test/ip/img_proc_test_rgb2dvi_0_1/img_proc_test_rgb2dvi_0_1/img_proc_test_rgb2dvi_0_1_in_context.xdc, line 4).
Applied set_property IO_BUFFER_TYPE = NONE for hdmi_out_data_n[0]. (constraint file  /home/austin/Desktop/projects/zybo/img_proc/vivado/img_proc/img_proc.srcs/sources_1/bd/img_proc_test/ip/img_proc_test_rgb2dvi_0_1/img_proc_test_rgb2dvi_0_1/img_proc_test_rgb2dvi_0_1_in_context.xdc, line 5).
Applied set_property CLOCK_BUFFER_TYPE = NONE for hdmi_out_data_n[0]. (constraint file  /home/austin/Desktop/projects/zybo/img_proc/vivado/img_proc/img_proc.srcs/sources_1/bd/img_proc_test/ip/img_proc_test_rgb2dvi_0_1/img_proc_test_rgb2dvi_0_1/img_proc_test_rgb2dvi_0_1_in_context.xdc, line 6).
Applied set_property IO_BUFFER_TYPE = NONE for hdmi_out_data_n[1]. (constraint file  /home/austin/Desktop/projects/zybo/img_proc/vivado/img_proc/img_proc.srcs/sources_1/bd/img_proc_test/ip/img_proc_test_rgb2dvi_0_1/img_proc_test_rgb2dvi_0_1/img_proc_test_rgb2dvi_0_1_in_context.xdc, line 7).
Applied set_property CLOCK_BUFFER_TYPE = NONE for hdmi_out_data_n[1]. (constraint file  /home/austin/Desktop/projects/zybo/img_proc/vivado/img_proc/img_proc.srcs/sources_1/bd/img_proc_test/ip/img_proc_test_rgb2dvi_0_1/img_proc_test_rgb2dvi_0_1/img_proc_test_rgb2dvi_0_1_in_context.xdc, line 8).
Applied set_property IO_BUFFER_TYPE = NONE for hdmi_out_data_n[2]. (constraint file  /home/austin/Desktop/projects/zybo/img_proc/vivado/img_proc/img_proc.srcs/sources_1/bd/img_proc_test/ip/img_proc_test_rgb2dvi_0_1/img_proc_test_rgb2dvi_0_1/img_proc_test_rgb2dvi_0_1_in_context.xdc, line 9).
Applied set_property CLOCK_BUFFER_TYPE = NONE for hdmi_out_data_n[2]. (constraint file  /home/austin/Desktop/projects/zybo/img_proc/vivado/img_proc/img_proc.srcs/sources_1/bd/img_proc_test/ip/img_proc_test_rgb2dvi_0_1/img_proc_test_rgb2dvi_0_1/img_proc_test_rgb2dvi_0_1_in_context.xdc, line 10).
Applied set_property IO_BUFFER_TYPE = NONE for hdmi_out_data_p[0]. (constraint file  /home/austin/Desktop/projects/zybo/img_proc/vivado/img_proc/img_proc.srcs/sources_1/bd/img_proc_test/ip/img_proc_test_rgb2dvi_0_1/img_proc_test_rgb2dvi_0_1/img_proc_test_rgb2dvi_0_1_in_context.xdc, line 11).
Applied set_property CLOCK_BUFFER_TYPE = NONE for hdmi_out_data_p[0]. (constraint file  /home/austin/Desktop/projects/zybo/img_proc/vivado/img_proc/img_proc.srcs/sources_1/bd/img_proc_test/ip/img_proc_test_rgb2dvi_0_1/img_proc_test_rgb2dvi_0_1/img_proc_test_rgb2dvi_0_1_in_context.xdc, line 12).
Applied set_property IO_BUFFER_TYPE = NONE for hdmi_out_data_p[1]. (constraint file  /home/austin/Desktop/projects/zybo/img_proc/vivado/img_proc/img_proc.srcs/sources_1/bd/img_proc_test/ip/img_proc_test_rgb2dvi_0_1/img_proc_test_rgb2dvi_0_1/img_proc_test_rgb2dvi_0_1_in_context.xdc, line 13).
Applied set_property CLOCK_BUFFER_TYPE = NONE for hdmi_out_data_p[1]. (constraint file  /home/austin/Desktop/projects/zybo/img_proc/vivado/img_proc/img_proc.srcs/sources_1/bd/img_proc_test/ip/img_proc_test_rgb2dvi_0_1/img_proc_test_rgb2dvi_0_1/img_proc_test_rgb2dvi_0_1_in_context.xdc, line 14).
Applied set_property IO_BUFFER_TYPE = NONE for hdmi_out_data_p[2]. (constraint file  /home/austin/Desktop/projects/zybo/img_proc/vivado/img_proc/img_proc.srcs/sources_1/bd/img_proc_test/ip/img_proc_test_rgb2dvi_0_1/img_proc_test_rgb2dvi_0_1/img_proc_test_rgb2dvi_0_1_in_context.xdc, line 15).
Applied set_property CLOCK_BUFFER_TYPE = NONE for hdmi_out_data_p[2]. (constraint file  /home/austin/Desktop/projects/zybo/img_proc/vivado/img_proc/img_proc.srcs/sources_1/bd/img_proc_test/ip/img_proc_test_rgb2dvi_0_1/img_proc_test_rgb2dvi_0_1/img_proc_test_rgb2dvi_0_1_in_context.xdc, line 16).
Applied set_property IO_BUFFER_TYPE = NONE for sys_clock. (constraint file  /home/austin/Desktop/projects/zybo/img_proc/vivado/img_proc/img_proc.srcs/sources_1/bd/img_proc_test/ip/img_proc_test_clk_wiz_0_0/img_proc_test_clk_wiz_0_0/img_proc_test_clk_wiz_0_0_in_context.xdc, line 3).
Applied set_property CLOCK_BUFFER_TYPE = NONE for sys_clock. (constraint file  /home/austin/Desktop/projects/zybo/img_proc/vivado/img_proc/img_proc.srcs/sources_1/bd/img_proc_test/ip/img_proc_test_clk_wiz_0_0/img_proc_test_clk_wiz_0_0/img_proc_test_clk_wiz_0_0_in_context.xdc, line 4).
Applied set_property DONT_TOUCH = true for img_proc_test_i. (constraint file  auto generated constraint, line ).
Applied set_property DONT_TOUCH = true for img_proc_test_i/dvi2rgb_0. (constraint file  auto generated constraint, line ).
Applied set_property DONT_TOUCH = true for img_proc_test_i/rgb2dvi_0. (constraint file  auto generated constraint, line ).
Applied set_property DONT_TOUCH = true for img_proc_test_i/clk_wiz_0. (constraint file  auto generated constraint, line ).
Applied set_property DONT_TOUCH = true for img_proc_test_i/xlconstant_0. (constraint file  auto generated constraint, line ).
---------------------------------------------------------------------------------
Finished applying 'set_property' XDC Constraints : Time (s): cpu = 00:00:07 ; elapsed = 00:00:10 . Memory (MB): peak = 2198.852 ; gain = 363.184 ; free physical = 15705 ; free virtual = 23810
---------------------------------------------------------------------------------
---------------------------------------------------------------------------------
Finished RTL Optimization Phase 2 : Time (s): cpu = 00:00:07 ; elapsed = 00:00:10 . Memory (MB): peak = 2198.852 ; gain = 363.184 ; free physical = 15705 ; free virtual = 23810
---------------------------------------------------------------------------------

Report RTL Partitions: 
+-+--------------+------------+----------+
| |RTL Partition |Replication |Instances |
+-+--------------+------------+----------+
+-+--------------+------------+----------+
---------------------------------------------------------------------------------
Start RTL Component Statistics 
---------------------------------------------------------------------------------
Detailed RTL Component Info : 
---------------------------------------------------------------------------------
Finished RTL Component Statistics 
---------------------------------------------------------------------------------
---------------------------------------------------------------------------------
Start RTL Hierarchical Component Statistics 
---------------------------------------------------------------------------------
Hierarchical RTL Component report 
---------------------------------------------------------------------------------
Finished RTL Hierarchical Component Statistics
---------------------------------------------------------------------------------
---------------------------------------------------------------------------------
Start Part Resource Summary
---------------------------------------------------------------------------------
Part Resources:
DSPs: 220 (col length:60)
BRAMs: 280 (col length: RAMB18 60 RAMB36 30)
---------------------------------------------------------------------------------
Finished Part Resource Summary
---------------------------------------------------------------------------------
---------------------------------------------------------------------------------
Start Cross Boundary and Area Optimization
---------------------------------------------------------------------------------
Warning: Parallel synthesis criteria is not met 
---------------------------------------------------------------------------------
Finished Cross Boundary and Area Optimization : Time (s): cpu = 00:00:08 ; elapsed = 00:00:10 . Memory (MB): peak = 2198.852 ; gain = 363.184 ; free physical = 15701 ; free virtual = 23809
---------------------------------------------------------------------------------

Report RTL Partitions: 
+-+--------------+------------+----------+
| |RTL Partition |Replication |Instances |
+-+--------------+------------+----------+
+-+--------------+------------+----------+
---------------------------------------------------------------------------------
Start Applying XDC Timing Constraints
---------------------------------------------------------------------------------
---------------------------------------------------------------------------------
Finished Applying XDC Timing Constraints : Time (s): cpu = 00:00:12 ; elapsed = 00:00:15 . Memory (MB): peak = 2198.852 ; gain = 363.184 ; free physical = 15579 ; free virtual = 23687
---------------------------------------------------------------------------------
---------------------------------------------------------------------------------
Start Timing Optimization
---------------------------------------------------------------------------------
---------------------------------------------------------------------------------
Finished Timing Optimization : Time (s): cpu = 00:00:12 ; elapsed = 00:00:15 . Memory (MB): peak = 2198.852 ; gain = 363.184 ; free physical = 15579 ; free virtual = 23687
---------------------------------------------------------------------------------

Report RTL Partitions: 
+-+--------------+------------+----------+
| |RTL Partition |Replication |Instances |
+-+--------------+------------+----------+
+-+--------------+------------+----------+
---------------------------------------------------------------------------------
Start Technology Mapping
---------------------------------------------------------------------------------
---------------------------------------------------------------------------------
Finished Technology Mapping : Time (s): cpu = 00:00:12 ; elapsed = 00:00:15 . Memory (MB): peak = 2198.852 ; gain = 363.184 ; free physical = 15577 ; free virtual = 23685
---------------------------------------------------------------------------------

Report RTL Partitions: 
+-+--------------+------------+----------+
| |RTL Partition |Replication |Instances |
+-+--------------+------------+----------+
+-+--------------+------------+----------+
---------------------------------------------------------------------------------
Start IO Insertion
---------------------------------------------------------------------------------
---------------------------------------------------------------------------------
Start Flattening Before IO Insertion
---------------------------------------------------------------------------------
---------------------------------------------------------------------------------
Finished Flattening Before IO Insertion
---------------------------------------------------------------------------------
---------------------------------------------------------------------------------
Start Final Netlist Cleanup
---------------------------------------------------------------------------------
---------------------------------------------------------------------------------
Finished Final Netlist Cleanup
---------------------------------------------------------------------------------
---------------------------------------------------------------------------------
Finished IO Insertion : Time (s): cpu = 00:00:15 ; elapsed = 00:00:18 . Memory (MB): peak = 2198.852 ; gain = 363.184 ; free physical = 15578 ; free virtual = 23686
---------------------------------------------------------------------------------
---------------------------------------------------------------------------------
Start Renaming Generated Instances
---------------------------------------------------------------------------------
---------------------------------------------------------------------------------
Finished Renaming Generated Instances : Time (s): cpu = 00:00:15 ; elapsed = 00:00:18 . Memory (MB): peak = 2198.852 ; gain = 363.184 ; free physical = 15578 ; free virtual = 23686
---------------------------------------------------------------------------------

Report RTL Partitions: 
+-+--------------+------------+----------+
| |RTL Partition |Replication |Instances |
+-+--------------+------------+----------+
+-+--------------+------------+----------+

Report Check Netlist: 
+------+------------------+-------+---------+-------+------------------+
|      |Item              |Errors |Warnings |Status |Description       |
+------+------------------+-------+---------+-------+------------------+
|1     |multi_driven_nets |      0|        0|Passed |Multi driven nets |
+------+------------------+-------+---------+-------+------------------+
---------------------------------------------------------------------------------
Start Rebuilding User Hierarchy
---------------------------------------------------------------------------------
---------------------------------------------------------------------------------
Finished Rebuilding User Hierarchy : Time (s): cpu = 00:00:15 ; elapsed = 00:00:18 . Memory (MB): peak = 2198.852 ; gain = 363.184 ; free physical = 15578 ; free virtual = 23686
---------------------------------------------------------------------------------
---------------------------------------------------------------------------------
Start Renaming Generated Ports
---------------------------------------------------------------------------------
---------------------------------------------------------------------------------
Finished Renaming Generated Ports : Time (s): cpu = 00:00:15 ; elapsed = 00:00:18 . Memory (MB): peak = 2198.852 ; gain = 363.184 ; free physical = 15578 ; free virtual = 23686
---------------------------------------------------------------------------------
---------------------------------------------------------------------------------
Start Handling Custom Attributes
---------------------------------------------------------------------------------
---------------------------------------------------------------------------------
Finished Handling Custom Attributes : Time (s): cpu = 00:00:15 ; elapsed = 00:00:18 . Memory (MB): peak = 2198.852 ; gain = 363.184 ; free physical = 15578 ; free virtual = 23686
---------------------------------------------------------------------------------
---------------------------------------------------------------------------------
Start Renaming Generated Nets
---------------------------------------------------------------------------------
---------------------------------------------------------------------------------
Finished Renaming Generated Nets : Time (s): cpu = 00:00:15 ; elapsed = 00:00:18 . Memory (MB): peak = 2198.852 ; gain = 363.184 ; free physical = 15578 ; free virtual = 23686
---------------------------------------------------------------------------------
---------------------------------------------------------------------------------
Start Writing Synthesis Report
---------------------------------------------------------------------------------

Report BlackBoxes: 
+------+--------------------------+----------+
|      |BlackBox name             |Instances |
+------+--------------------------+----------+
|1     |img_proc_test_clk_wiz_0_0 |         1|
|2     |img_proc_test_dvi2rgb_0_1 |         1|
|3     |img_proc_test_rgb2dvi_0_1 |         1|
+------+--------------------------+----------+

Report Cell Usage: 
+------+---------------------------------+------+
|      |Cell                             |Count |
+------+---------------------------------+------+
|1     |img_proc_test_clk_wiz_0_0_bbox_0 |     1|
|2     |img_proc_test_dvi2rgb_0_1_bbox_1 |     1|
|3     |img_proc_test_rgb2dvi_0_1_bbox_2 |     1|
|4     |IBUF                             |     1|
|5     |IOBUF                            |     2|
|6     |OBUF                             |     1|
+------+---------------------------------+------+

Report Instance Areas: 
+------+------------------+-----------------------------+------+
|      |Instance          |Module                       |Cells |
+------+------------------+-----------------------------+------+
|1     |top               |                             |    48|
|2     |  img_proc_test_i |img_proc_test                |    44|
|3     |    xlconstant_0  |img_proc_test_xlconstant_0_0 |     0|
+------+------------------+-----------------------------+------+
---------------------------------------------------------------------------------
Finished Writing Synthesis Report : Time (s): cpu = 00:00:15 ; elapsed = 00:00:18 . Memory (MB): peak = 2198.852 ; gain = 363.184 ; free physical = 15578 ; free virtual = 23686
---------------------------------------------------------------------------------
Synthesis finished with 0 errors, 0 critical warnings and 0 warnings.
Synthesis Optimization Runtime : Time (s): cpu = 00:00:13 ; elapsed = 00:00:16 . Memory (MB): peak = 2198.852 ; gain = 266.434 ; free physical = 15635 ; free virtual = 23743
Synthesis Optimization Complete : Time (s): cpu = 00:00:15 ; elapsed = 00:00:18 . Memory (MB): peak = 2198.852 ; gain = 363.184 ; free physical = 15635 ; free virtual = 23743
INFO: [Project 1-571] Translating synthesized netlist
Netlist sorting complete. Time (s): cpu = 00:00:00 ; elapsed = 00:00:00 . Memory (MB): peak = 2198.852 ; gain = 0.000 ; free physical = 15629 ; free virtual = 23737
INFO: [Netlist 29-17] Analyzing 2 Unisim elements for replacement
INFO: [Netlist 29-28] Unisim Transformation completed in 0 CPU seconds
INFO: [Project 1-570] Preparing netlist for logic optimization
INFO: [Opt 31-138] Pushed 0 inverter(s) to 0 load pin(s).
Netlist sorting complete. Time (s): cpu = 00:00:00 ; elapsed = 00:00:00 . Memory (MB): peak = 2198.852 ; gain = 0.000 ; free physical = 15642 ; free virtual = 23750
INFO: [Project 1-111] Unisim Transformation Summary:
  A total of 2 instances were transformed.
  IOBUF => IOBUF (IBUF, OBUFT): 2 instances

INFO: [Common 17-83] Releasing license: Synthesis
37 Infos, 1 Warnings, 0 Critical Warnings and 0 Errors encountered.
synth_design completed successfully
synth_design: Time (s): cpu = 00:00:20 ; elapsed = 00:00:25 . Memory (MB): peak = 2198.852 ; gain = 609.781 ; free physical = 15768 ; free virtual = 23876
INFO: [Common 17-600] The following parameters have non-default value.
tcl.collectionResultDisplayLimit
Netlist sorting complete. Time (s): cpu = 00:00:00 ; elapsed = 00:00:00 . Memory (MB): peak = 2198.852 ; gain = 0.000 ; free physical = 15768 ; free virtual = 23876
WARNING: [Constraints 18-5210] No constraints selected for write.
Resolution: This message can indicate that there are no constraints for the design, or it can indicate that the used_in flags are set such that the constraints are ignored. This later case is used when running synth_design to not write synthesis constraints to the resulting checkpoint. Instead, project constraints are read when the synthesized design is opened.
INFO: [Common 17-1381] The checkpoint '/home/austin/Desktop/projects/zybo/img_proc/vivado/img_proc/img_proc.runs/synth_1/img_proc_test_wrapper.dcp' has been generated.
INFO: [runtcl-4] Executing : report_utilization -file img_proc_test_wrapper_utilization_synth.rpt -pb img_proc_test_wrapper_utilization_synth.pb
INFO: [Common 17-206] Exiting Vivado at Sun Nov  3 05:24:30 2019...
