Copyright 1986-2019 Xilinx, Inc. All Rights Reserved.
------------------------------------------------------------------------------------
| Tool Version : Vivado v.2019.2 (lin64) Build 2700185 Thu Oct 24 18:45:48 MDT 2019
| Date         : Sun Dec  8 19:49:38 2019
| Host         : austin-ubuntu running 64-bit Ubuntu 18.04.3 LTS
| Command      : upgrade_ip
| Device       : xc7z020clg400-1
------------------------------------------------------------------------------------

Upgrade Log for IP 'img_proc_video_stream_mux_0_0'

1. Summary
----------

CAUTION (success, with warnings) in the upgrade of img_proc_video_stream_mux_0_0 (user.org:user:video_stream_mux:1.0) from (Rev. 5) to (Rev. 6)

After upgrade, an IP may have parameter and port differences compared to the original customization. Please review the parameters within the IP customization GUI to ensure proper functionality. Also, please review the updated IP instantiation template to ensure proper connectivity, and update your design if required.

2. Interface Information
------------------------

Detected external interface differences while upgrading 'img_proc_video_stream_mux_0_0'.


-Upgrade has added interface 'm_axis_s2mm' (xilinx.com:interface:axis:1.0)

-Upgrade has added interface 'm_axis_s2mm_aclk' (xilinx.com:signal:clock:1.0)

-Upgrade has added interface 's_axis1' (xilinx.com:interface:axis:1.0)

-Upgrade has added interface 's_axis1_aclk' (xilinx.com:signal:clock:1.0)

-Upgrade has added interface 's_axis2' (xilinx.com:interface:axis:1.0)

-Upgrade has added interface 's_axis2_aclk' (xilinx.com:signal:clock:1.0)


3. Connection Warnings
----------------------

Detected external port differences while upgrading 'img_proc_video_stream_mux_0_0'. These changes may impact your design.


-Upgrade has removed port 'm_axis_tdata'

-Upgrade has removed port 'm_axis_tdest'

-Upgrade has removed port 'm_axis_tid'

-Upgrade has removed port 'm_axis_tkeep'

-Upgrade has removed port 'm_axis_tlast'

-Upgrade has removed port 'm_axis_tready'

-Upgrade has removed port 'm_axis_tstrb'

-Upgrade has removed port 'm_axis_tuser'

-Upgrade has removed port 'm_axis_tvalid'

-Upgrade has removed port 's_axis1_tdest'

-Upgrade has removed port 's_axis1_tid'

-Upgrade has removed port 's_axis1_tstrb'

-Upgrade has removed port 's_axis2_tdest'

-Upgrade has removed port 's_axis2_tid'

-Upgrade has removed port 's_axis2_tstrb'

-Upgrade has added port 'm_axis_s2mm_aclk'

-Upgrade has added port 'm_axis_s2mm_tdata'

-Upgrade has added port 'm_axis_s2mm_tkeep'

-Upgrade has added port 'm_axis_s2mm_tlast'

-Upgrade has added port 'm_axis_s2mm_tready'

-Upgrade has added port 'm_axis_s2mm_tuser'

-Upgrade has added port 'm_axis_s2mm_tvalid'

-Upgrade has added port 's_axis1_aclk'

-Upgrade has added port 's_axis2_aclk'







Copyright 1986-2019 Xilinx, Inc. All Rights Reserved.
------------------------------------------------------------------------------------
| Tool Version : Vivado v.2019.2 (lin64) Build 2700185 Thu Oct 24 18:45:48 MDT 2019
| Date         : Sun Dec  8 14:05:45 2019
| Host         : austin-ubuntu running 64-bit Ubuntu 18.04.3 LTS
| Command      : upgrade_ip
| Device       : xc7z020clg400-1
------------------------------------------------------------------------------------

Upgrade Log for IP 'img_proc_video_stream_mux_0_0'

1. Summary
----------

SUCCESS in the upgrade of img_proc_video_stream_mux_0_0 (user.org:user:video_stream_mux:1.0) from (Rev. 4) to (Rev. 5)






Copyright 1986-2019 Xilinx, Inc. All Rights Reserved.
------------------------------------------------------------------------------------
| Tool Version : Vivado v.2019.2 (lin64) Build 2700185 Thu Oct 24 18:45:48 MDT 2019
| Date         : Wed Nov 13 00:50:31 2019
| Host         : austin-ubuntu running 64-bit Ubuntu 18.04.3 LTS
| Command      : upgrade_ip
| Device       : xc7z020clg400-1
------------------------------------------------------------------------------------

Upgrade Log for IP 'img_proc_dvi2rgb_0_0'

1. Summary
----------

SUCCESS in the conversion of img_proc_dvi2rgb_0_0 (digilentinc.com:ip:dvi2rgb:2.0 (Rev. 4)) to Vivado generation flows.

