00:22:20 INFO  : Launching XSCT server: xsct -n  -interactive /home/austin/Desktop/projects/zybo/zybo_img_proc/vitis/workspace/temp_xsdb_launch_script.tcl
00:22:22 INFO  : Registering command handlers for Vitis TCF services
00:22:22 INFO  : XSCT server has started successfully.
00:22:22 INFO  : plnx-install-location is set to ''
00:22:22 INFO  : Successfully done setting XSCT server connection channel  
00:22:22 INFO  : Successfully done query RDI_DATADIR 
00:22:22 INFO  : Successfully done setting workspace for the tool. 
00:26:09 INFO  : Successfully done sdx_reload_mss "/home/austin/Desktop/projects/zybo/zybo_img_proc/vitis/workspace/img_proc_bsp/zynq_fsbl/zynq_fsbl_bsp/system.mss"
00:26:09 INFO  : Successfully done sdx_reload_mss "/home/austin/Desktop/projects/zybo/zybo_img_proc/vitis/workspace/img_proc_bsp/ps7_cortexa9_0/standalone_domain/bsp/system.mss"
00:33:45 INFO  : Invoking Bootgen: bootgen -image output.bif -arch zynq -o /home/austin/Desktop/projects/zybo/zybo_img_proc/vitis/workspace/img_proc_bsp/resources/BOOT.bin
00:33:45 INFO  : Creating new bif file /home/austin/Desktop/projects/zybo/zybo_img_proc/vitis/workspace/output.bif
00:33:47 INFO  : Bootgen command execution is done.
00:40:44 INFO  : Successfully done sdx_reload_mss "/home/austin/Desktop/projects/zybo/zybo_img_proc/vitis/workspace/img_proc_bsp/zynq_fsbl/zynq_fsbl_bsp/system.mss"
00:40:44 INFO  : Successfully done sdx_reload_mss "/home/austin/Desktop/projects/zybo/zybo_img_proc/vitis/workspace/img_proc_bsp/ps7_cortexa9_0/standalone_domain/bsp/system.mss"
00:42:26 INFO  : Invoking Bootgen: bootgen -image output.bif -arch zynq -o /home/austin/Desktop/projects/zybo/zybo_img_proc/vitis/workspace/BOOT.bin
00:42:27 INFO  : Bootgen command execution is done.
00:43:08 INFO  : Invoking Bootgen: bootgen -image output.bif -arch zynq -o /home/austin/Desktop/projects/zybo/zybo_img_proc/vitis/workspace/img_proc_bsp/resources/BOOT.bin
00:43:08 INFO  : Creating new bif file /home/austin/Desktop/projects/zybo/zybo_img_proc/vitis/workspace/img_proc_bsp/resources/output.bif
00:43:10 INFO  : Bootgen command execution is done.
20:15:05 INFO  : Launching XSCT server: xsct -n  -interactive /home/austin/Desktop/projects/zybo/zybo_img_proc/vitis/workspace/temp_xsdb_launch_script.tcl
20:15:09 INFO  : XSCT server has started successfully.
20:15:09 INFO  : Successfully done setting XSCT server connection channel  
20:15:09 INFO  : plnx-install-location is set to ''
20:15:09 INFO  : Successfully done setting workspace for the tool. 
20:15:11 INFO  : Registering command handlers for Vitis TCF services
20:15:25 INFO  : Successfully done query RDI_DATADIR 
21:39:36 ERROR : (XSDB Server)ERROR: [Hsi 55-1571] The design file /home/austin/Desktop/projects/zybo/zybo_img_proc/vitis/workspace/img_proc_bsp/export/img_proc_bsp/hw/img_proc_wrapper.xsa is already opened

22:29:20 ERROR : (XSDB Server)ERROR: [Hsi 55-1571] The design file /home/austin/Desktop/projects/zybo/zybo_img_proc/vitis/workspace/img_proc_bsp/export/img_proc_bsp/hw/img_proc_wrapper.xsa is already opened

22:46:16 ERROR : (XSDB Server)ERROR: [Hsi 55-1571] The design file /home/austin/Desktop/projects/zybo/zybo_img_proc/vitis/workspace/img_proc_bsp/export/img_proc_bsp/hw/img_proc_wrapper.xsa is already opened

22:46:37 ERROR : (XSDB Server)ERROR: [Hsi 55-1571] The design file /home/austin/Desktop/projects/zybo/zybo_img_proc/vitis/workspace/img_proc_bsp/export/img_proc_bsp/hw/img_proc_wrapper.xsa is already opened

22:49:04 ERROR : Failed to openhw "/home/austin/Desktop/projects/zybo/zybo_img_proc/vitis/workspace/img_proc_bsp/export/img_proc_bsp/hw/img_proc_wrapper.xsa"
Reason: ERROR: [Common 17-39] 'hsi::open_hw_design' failed due to earlier errors.

22:50:26 ERROR : Failed to openhw "/home/austin/Desktop/projects/zybo/zybo_img_proc/vitis/workspace/img_proc_bsp/export/img_proc_bsp/hw/img_proc_wrapper.xsa"
Reason: ERROR: [Common 17-39] 'hsi::open_hw_design' failed due to earlier errors.

22:51:48 INFO  : Successfully done sdx_reload_mss "/home/austin/Desktop/projects/zybo/zybo_img_proc/vitis/workspace/img_proc_bsp/zynq_fsbl/zynq_fsbl_bsp/system.mss"
22:51:48 INFO  : Successfully done sdx_reload_mss "/home/austin/Desktop/projects/zybo/zybo_img_proc/vitis/workspace/img_proc_bsp/ps7_cortexa9_0/standalone_domain/bsp/system.mss"
22:54:30 ERROR : Failed to openhw "/home/austin/Desktop/projects/zybo/zybo_img_proc/vitis/workspace/img_proc_bsp/export/img_proc_bsp/hw/img_proc_wrapper.xsa"
Reason: ERROR: [Common 17-39] 'hsi::open_hw_design' failed due to earlier errors.

02:46:53 ERROR : Failed to openhw "/home/austin/Desktop/projects/zybo/zybo_img_proc/vitis/workspace/img_proc_bsp/export/img_proc_bsp/hw/img_proc_wrapper.xsa"
Reason: ERROR: [Common 17-39] 'hsi::open_hw_design' failed due to earlier errors.

13:23:14 INFO  : Launching XSCT server: xsct -n  -interactive /home/austin/Desktop/projects/zybo/zybo_img_proc/vitis/workspace/temp_xsdb_launch_script.tcl
13:23:19 INFO  : XSCT server has started successfully.
13:23:19 INFO  : plnx-install-location is set to ''
13:23:19 INFO  : Successfully done setting XSCT server connection channel  
13:23:19 INFO  : Successfully done setting workspace for the tool. 
13:23:20 INFO  : Registering command handlers for Vitis TCF services
13:23:43 INFO  : Successfully done query RDI_DATADIR 
15:34:24 INFO  : Launching XSCT server: xsct -n  -interactive /home/austin/Desktop/projects/zybo/zybo_img_proc/vitis/workspace/temp_xsdb_launch_script.tcl
15:34:29 INFO  : XSCT server has started successfully.
15:34:29 INFO  : Successfully done setting XSCT server connection channel  
15:34:29 INFO  : plnx-install-location is set to ''
15:34:29 INFO  : Successfully done setting workspace for the tool. 
15:34:31 INFO  : Registering command handlers for Vitis TCF services
15:34:53 INFO  : Successfully done query RDI_DATADIR 
21:19:59 INFO  : Launching XSCT server: xsct -n  -interactive /home/austin/Desktop/projects/zybo/zybo_img_proc/vitis/workspace/temp_xsdb_launch_script.tcl
21:20:04 INFO  : XSCT server has started successfully.
21:20:05 INFO  : Successfully done setting XSCT server connection channel  
21:20:05 INFO  : plnx-install-location is set to ''
21:20:05 INFO  : Successfully done setting workspace for the tool. 
21:20:06 INFO  : Registering command handlers for Vitis TCF services
21:20:29 INFO  : Successfully done query RDI_DATADIR 
12:04:28 INFO  : Launching XSCT server: xsct -n  -interactive /home/austin/Desktop/projects/zybo/zybo_img_proc/vitis/workspace/temp_xsdb_launch_script.tcl
12:04:33 INFO  : XSCT server has started successfully.
12:04:33 INFO  : plnx-install-location is set to ''
12:04:33 INFO  : Successfully done setting XSCT server connection channel  
12:04:33 INFO  : Successfully done setting workspace for the tool. 
12:04:36 INFO  : Registering command handlers for Vitis TCF services
12:05:13 INFO  : Successfully done query RDI_DATADIR 
22:42:39 INFO  : Launching XSCT server: xsct -n  -interactive /home/austin/Desktop/projects/zybo/zybo_img_proc/vitis/workspace/temp_xsdb_launch_script.tcl
22:42:42 INFO  : XSCT server has started successfully.
22:42:42 INFO  : Successfully done setting XSCT server connection channel  
22:42:42 INFO  : plnx-install-location is set to ''
22:42:42 INFO  : Successfully done setting workspace for the tool. 
22:42:44 INFO  : Registering command handlers for Vitis TCF services
22:42:53 INFO  : Successfully done query RDI_DATADIR 
15:12:47 INFO  : Launching XSCT server: xsct -n  -interactive /home/austin/Desktop/projects/zybo/zybo_img_proc/vitis/workspace/temp_xsdb_launch_script.tcl
15:12:55 INFO  : XSCT server has started successfully.
15:12:55 INFO  : plnx-install-location is set to ''
15:12:55 INFO  : Successfully done setting XSCT server connection channel  
15:12:55 INFO  : Successfully done setting workspace for the tool. 
15:12:57 INFO  : Registering command handlers for Vitis TCF services
15:13:12 INFO  : Successfully done query RDI_DATADIR 
15:19:35 INFO  : Launching XSCT server: xsct -n  -interactive /home/austin/Desktop/projects/zybo/zybo_img_proc/vitis/workspace/temp_xsdb_launch_script.tcl
15:19:37 INFO  : Registering command handlers for Vitis TCF services
15:19:37 INFO  : XSCT server has started successfully.
15:19:37 INFO  : Successfully done setting XSCT server connection channel  
15:19:37 INFO  : plnx-install-location is set to ''
15:19:37 INFO  : Successfully done query RDI_DATADIR 
15:19:37 INFO  : Successfully done setting workspace for the tool. 
15:53:37 INFO  : Launching XSCT server: xsct -n  -interactive /home/austin/Desktop/projects/zybo/zybo_img_proc/vitis/workspace/temp_xsdb_launch_script.tcl
15:53:39 INFO  : XSCT server has started successfully.
15:53:39 INFO  : plnx-install-location is set to ''
15:53:39 INFO  : Successfully done setting XSCT server connection channel  
15:53:39 INFO  : Successfully done setting workspace for the tool. 
15:53:39 INFO  : Successfully done query RDI_DATADIR 
15:53:39 INFO  : Registering command handlers for Vitis TCF services
15:57:20 INFO  : Launching XSCT server: xsct -n  -interactive /home/austin/Desktop/projects/zybo/zybo_img_proc/vitis/workspace/temp_xsdb_launch_script.tcl
15:57:22 INFO  : XSCT server has started successfully.
15:57:22 INFO  : Successfully done setting XSCT server connection channel  
15:57:22 INFO  : plnx-install-location is set to ''
15:57:22 INFO  : Successfully done setting workspace for the tool. 
15:57:23 INFO  : Successfully done query RDI_DATADIR 
15:57:23 INFO  : Registering command handlers for Vitis TCF services
15:59:54 INFO  : Successfully done sdx_reload_mss "/home/austin/Desktop/projects/zybo/zybo_img_proc/vitis/workspace/img_proc_bsp/zynq_fsbl/zynq_fsbl_bsp/system.mss"
15:59:55 INFO  : Successfully done sdx_reload_mss "/home/austin/Desktop/projects/zybo/zybo_img_proc/vitis/workspace/img_proc_bsp/ps7_cortexa9_0/standalone_domain/bsp/system.mss"
16:00:18 INFO  : Launching XSCT server: xsct -n  -interactive /home/austin/Desktop/projects/zybo/zybo_img_proc/vitis/workspace/temp_xsdb_launch_script.tcl
16:00:20 INFO  : XSCT server has started successfully.
16:00:20 INFO  : Successfully done setting XSCT server connection channel  
16:00:20 INFO  : plnx-install-location is set to ''
16:00:20 INFO  : Successfully done setting workspace for the tool. 
16:00:21 INFO  : Successfully done query RDI_DATADIR 
16:00:21 INFO  : Registering command handlers for Vitis TCF services
16:24:40 INFO  : Launching XSCT server: xsct -n  -interactive /home/austin/Desktop/projects/zybo/zybo_img_proc/vitis/workspace/temp_xsdb_launch_script.tcl
16:24:42 INFO  : XSCT server has started successfully.
16:24:42 INFO  : Successfully done setting XSCT server connection channel  
16:24:42 INFO  : plnx-install-location is set to ''
16:24:42 INFO  : Successfully done setting workspace for the tool. 
16:24:42 INFO  : Successfully done query RDI_DATADIR 
16:24:43 INFO  : Registering command handlers for Vitis TCF services
16:25:45 INFO  : Launching XSCT server: xsct -n  -interactive /home/austin/Desktop/projects/zybo/zybo_img_proc/vitis/workspace/temp_xsdb_launch_script.tcl
16:25:46 INFO  : Registering command handlers for Vitis TCF services
16:25:47 INFO  : XSCT server has started successfully.
16:25:47 INFO  : plnx-install-location is set to ''
16:25:47 INFO  : Successfully done setting XSCT server connection channel  
16:25:47 INFO  : Successfully done query RDI_DATADIR 
16:25:47 INFO  : Successfully done setting workspace for the tool. 
16:28:14 INFO  : Launching XSCT server: xsct -n  -interactive /home/austin/Desktop/projects/zybo/zybo_img_proc/vitis/workspace/temp_xsdb_launch_script.tcl
16:28:16 INFO  : XSCT server has started successfully.
16:28:16 INFO  : plnx-install-location is set to ''
16:28:16 INFO  : Successfully done setting XSCT server connection channel  
16:28:16 INFO  : Successfully done setting workspace for the tool. 
16:28:16 INFO  : Successfully done query RDI_DATADIR 
16:28:16 INFO  : Registering command handlers for Vitis TCF services
16:29:42 INFO  : Successfully done sdx_reload_mss "/home/austin/Desktop/projects/zybo/zybo_img_proc/vitis/workspace/img_proc_bsp/zynq_fsbl/zynq_fsbl_bsp/system.mss"
16:29:42 INFO  : Successfully done sdx_reload_mss "/home/austin/Desktop/projects/zybo/zybo_img_proc/vitis/workspace/img_proc_bsp/ps7_cortexa9_0/standalone_domain/bsp/system.mss"
16:30:53 INFO  : Launching XSCT server: xsct -n  -interactive /home/austin/Desktop/projects/zybo/zybo_img_proc/vitis/workspace/temp_xsdb_launch_script.tcl
16:30:55 INFO  : Registering command handlers for Vitis TCF services
16:30:55 INFO  : XSCT server has started successfully.
16:30:55 INFO  : Successfully done setting XSCT server connection channel  
16:30:58 INFO  : plnx-install-location is set to ''
16:30:58 INFO  : Successfully done setting workspace for the tool. 
16:30:58 INFO  : Successfully done query RDI_DATADIR 
16:30:59 INFO  : Successfully done sdx_reload_mss "/home/austin/Desktop/projects/zybo/zybo_img_proc/vitis/workspace/img_proc_bsp/zynq_fsbl/zynq_fsbl_bsp/system.mss"
16:30:59 INFO  : Successfully done sdx_reload_mss "/home/austin/Desktop/projects/zybo/zybo_img_proc/vitis/workspace/img_proc_bsp/ps7_cortexa9_0/standalone_domain/bsp/system.mss"
15:06:52 INFO  : Launching XSCT server: xsct -n  -interactive /home/austin/Desktop/projects/zybo/zybo_img_proc/vitis/workspace/temp_xsdb_launch_script.tcl
15:06:55 INFO  : XSCT server has started successfully.
15:06:59 INFO  : Registering command handlers for Vitis TCF services
15:07:12 INFO  : plnx-install-location is set to ''
15:07:12 INFO  : Successfully done setting XSCT server connection channel  
15:07:12 INFO  : Successfully done query RDI_DATADIR 
15:07:12 INFO  : Successfully done setting workspace for the tool. 
15:07:28 INFO  : Successfully done sdx_reload_mss "/home/austin/Desktop/projects/zybo/zybo_img_proc/vitis/workspace/img_proc_bsp/zynq_fsbl/zynq_fsbl_bsp/system.mss"
15:07:28 INFO  : Successfully done sdx_reload_mss "/home/austin/Desktop/projects/zybo/zybo_img_proc/vitis/workspace/img_proc_bsp/ps7_cortexa9_0/standalone_domain/bsp/system.mss"
22:04:38 INFO  : Hardware specification for platform project 'img_proc_bsp' is updated.
22:04:42 INFO  : Successfully done sdx_reload_mss "/home/austin/Desktop/projects/zybo/zybo_img_proc/vitis/workspace/img_proc_bsp/zynq_fsbl/zynq_fsbl_bsp/system.mss"
22:04:42 INFO  : Successfully done sdx_reload_mss "/home/austin/Desktop/projects/zybo/zybo_img_proc/vitis/workspace/img_proc_bsp/ps7_cortexa9_0/standalone_domain/bsp/system.mss"
22:06:44 INFO  : Invoking Bootgen: bootgen -image output.bif -arch zynq -o /home/austin/Desktop/projects/zybo/zybo_img_proc/vitis/workspace/img_proc_bsp/resources/BOOT.bin -w on
22:06:44 INFO  : Overwriting existing bif file /home/austin/Desktop/projects/zybo/zybo_img_proc/vitis/workspace/img_proc_bsp/resources/output.bif
22:06:45 INFO  : Bootgen command execution is done.
22:08:31 ERROR : Failed to compute checksum of hardware specification file used by project 'img_proc'
22:10:25 INFO  : Hardware specification for platform project 'img_proc_bsp' is updated.
22:10:28 WARN  : Failed to closehw "/home/austin/Desktop/projects/zybo/zybo_img_proc/vitis/workspace/img_proc_bsp/hw/img_proc_wrapper.xsa"
Reason: ERROR: [Common 17-39] 'hsi::close_hw_design' failed due to earlier errors.

22:10:28 ERROR : Failed to execute command 'domain active {zynq_fsbl}'. Click on details for more information.
22:10:28 ERROR : Failed to execute command 'domain active {standalone_domain}'. Click on details for more information.
22:10:30 ERROR : Failed to execute command 'platform read {/home/austin/Desktop/projects/zybo/zybo_img_proc/vitis/workspace/img_proc_bsp/platform.spr}'. Click on details for more information.
22:11:53 INFO  : Launching XSCT server: xsct -n  -interactive /home/austin/Desktop/projects/zybo/zybo_img_proc/vitis/workspace/temp_xsdb_launch_script.tcl
22:11:54 INFO  : Registering command handlers for Vitis TCF services
22:11:55 INFO  : XSCT server has started successfully.
22:11:58 INFO  : plnx-install-location is set to ''
22:11:58 INFO  : Successfully done setting XSCT server connection channel  
22:11:58 INFO  : Successfully done query RDI_DATADIR 
22:11:58 INFO  : Successfully done setting workspace for the tool. 
22:11:58 INFO  : Successfully done sdx_reload_mss "/home/austin/Desktop/projects/zybo/zybo_img_proc/vitis/workspace/img_proc_bsp/zynq_fsbl/zynq_fsbl_bsp/system.mss"
22:11:58 INFO  : Successfully done sdx_reload_mss "/home/austin/Desktop/projects/zybo/zybo_img_proc/vitis/workspace/img_proc_bsp/ps7_cortexa9_0/standalone_domain/bsp/system.mss"
22:13:59 INFO  : The hardware specfication used by project 'img_proc' is out of sync with the platform. Resource files extracted from the hardware specfiication will be updated.
22:13:59 INFO  : The file '/home/austin/Desktop/projects/zybo/zybo_img_proc/vitis/workspace/img_proc/_ide/bitstream/img_proc_wrapper.bit' stored in project is removed.
22:13:59 INFO  : The updated bitstream files are copied from platform to folder '/home/austin/Desktop/projects/zybo/zybo_img_proc/vitis/workspace/img_proc/_ide/bitstream' in project 'img_proc'.
22:14:02 INFO  : The updated ps init files are copied from platform to folder '/home/austin/Desktop/projects/zybo/zybo_img_proc/vitis/workspace/img_proc/_ide/psinit' in project 'img_proc'.
