#-----------------------------------------------------------
# Vivado v2019.2 (64-bit)
# SW Build 2700185 on Thu Oct 24 18:45:48 MDT 2019
# IP Build 2699827 on Thu Oct 24 21:16:38 MDT 2019
# Start of session at: Sat Nov  2 23:23:05 2019
# Process ID: 26820
# Current directory: /home/austin/Desktop/projects/zybo/img_proc/vivado
# Command line: vivado
# Log file: /home/austin/Desktop/projects/zybo/img_proc/vivado/vivado.log
# Journal file: /home/austin/Desktop/projects/zybo/img_proc/vivado/vivado.jou
#-----------------------------------------------------------
start_gui
create_project img_proc /home/austin/Desktop/projects/zybo/img_proc/vivado/img_proc -part xc7z020clg400-1
INFO: [IP_Flow 19-234] Refreshing IP repositories
INFO: [IP_Flow 19-1704] No user IP repositories specified
INFO: [IP_Flow 19-2313] Loaded Vivado IP repository '/tools/Xilinx/Vivado/2019.2/data/ip'.
set_property board_part digilentinc.com:zybo-z7-20:part0:1.0 [current_project]
set_property target_language VHDL [current_project]
add_files -fileset constrs_1 -norecurse /home/austin/Desktop/projects/zybo/img_proc/vhdl/Zybo-Z7-Master.xdc
create_bd_design "img_proc"
Wrote  : </home/austin/Desktop/projects/zybo/img_proc/vivado/img_proc/img_proc.srcs/sources_1/bd/img_proc/img_proc.bd> 
update_compile_order -fileset sources_1
exit
INFO: [Common 17-206] Exiting Vivado at Sat Nov  2 23:30:42 2019...
