#-----------------------------------------------------------
# Vivado v2019.2 (64-bit)
# SW Build 2700185 on Thu Oct 24 18:45:48 MDT 2019
# IP Build 2699827 on Thu Oct 24 21:16:38 MDT 2019
# Start of session at: Sun Nov  3 17:54:44 2019
# Process ID: 31223
# Current directory: /home/austin/Desktop/projects/zybo/zybo_img_proc/vivado
# Command line: vivado
# Log file: /home/austin/Desktop/projects/zybo/zybo_img_proc/vivado/vivado.log
# Journal file: /home/austin/Desktop/projects/zybo/zybo_img_proc/vivado/vivado.jou
#-----------------------------------------------------------
start_gui
create_project img_proc /home/austin/Desktop/projects/zybo/zybo_img_proc/vivado/img_proc -part xc7z020clg400-1
INFO: [IP_Flow 19-234] Refreshing IP repositories
INFO: [IP_Flow 19-1704] No user IP repositories specified
INFO: [IP_Flow 19-2313] Loaded Vivado IP repository '/tools/Xilinx/Vivado/2019.2/data/ip'.
set_property board_part digilentinc.com:zybo-z7-20:part0:1.0 [current_project]
set_property target_language VHDL [current_project]
add_files -fileset constrs_1 -norecurse /home/austin/Desktop/projects/zybo/zybo_img_proc/vhdl/Zybo-Z7-Master.xdc
create_bd_design "img_proc"
Wrote  : </home/austin/Desktop/projects/zybo/zybo_img_proc/vivado/img_proc/img_proc.srcs/sources_1/bd/img_proc/img_proc.bd> 
update_compile_order -fileset sources_1
WARNING: [IP_Flow 19-3899] Cannot get the environment domain name variable for the component vendor name. Setting the vendor name to 'user.org'.
set_property  ip_repo_paths  /home/austin/Desktop/projects/zybo/zybo_img_proc/vhdl/digilent/vivado-library [current_project]
update_ip_catalog
INFO: [IP_Flow 19-234] Refreshing IP repositories
INFO: [IP_Flow 19-1700] Loaded user IP repository '/home/austin/Desktop/projects/zybo/zybo_img_proc/vhdl/digilent/vivado-library'.
WARNING: [IP_Flow 19-3899] Cannot get the environment domain name variable for the component vendor name. Setting the vendor name to 'user.org'.
WARNING: [IP_Flow 19-3899] Cannot get the environment domain name variable for the component vendor name. Setting the vendor name to 'user.org'.
WARNING: [IP_Flow 19-3899] Cannot get the environment domain name variable for the component vendor name. Setting the vendor name to 'user.org'.
startgroup
create_bd_cell -type ip -vlnv digilentinc.com:ip:dvi2rgb:2.0 dvi2rgb_0
WARNING: [IP_Flow 19-3432] UI File /home/austin/Desktop/projects/zybo/zybo_img_proc/vhdl/digilent/vivado-library/ip/dvi2rgb/xgui/dvi2rgb_v2_0.tcl does not exist
WARNING: [IP_Flow 19-2991] No XGUI Files found 
apply_board_connection -board_interface "hdmi_in" -ip_intf "dvi2rgb_0/TMDS" -diagram "img_proc" 
INFO: [board_interface 100-100] current_bd_design img_proc
INFO: [board_interface 100-100] set_property CONFIG.TMDS_BOARD_INTERFACE hdmi_in [get_bd_cells -quiet /dvi2rgb_0]
INFO: [board_interface 100-100] create_bd_intf_port -mode Slave -vlnv digilentinc.com:interface:tmds_rtl:1.0 hdmi_in
INFO: [board_interface 100-100] connect_bd_intf_net /hdmi_in /dvi2rgb_0/TMDS
apply_board_connection -board_interface "hdmi_in_ddc" -ip_intf "dvi2rgb_0/DDC" -diagram "img_proc" 
INFO: [board_interface 100-100] current_bd_design img_proc
INFO: [board_interface 100-100] set_property CONFIG.IIC_BOARD_INTERFACE hdmi_in_ddc [get_bd_cells -quiet /dvi2rgb_0]
INFO: [board_interface 100-100] create_bd_intf_port -mode Master -vlnv xilinx.com:interface:iic_rtl:1.0 hdmi_in_ddc
INFO: [board_interface 100-100] connect_bd_intf_net /hdmi_in_ddc /dvi2rgb_0/DDC
endgroup
startgroup
create_bd_cell -type ip -vlnv digilentinc.com:ip:rgb2dvi:1.4 rgb2dvi_0
apply_board_connection -board_interface "hdmi_out" -ip_intf "rgb2dvi_0/TMDS" -diagram "img_proc" 
INFO: [board_interface 100-100] current_bd_design img_proc
INFO: [board_interface 100-100] set_property CONFIG.TMDS_BOARD_INTERFACE hdmi_out [get_bd_cells -quiet /rgb2dvi_0]
INFO: [board_interface 100-100] create_bd_intf_port -mode Master -vlnv digilentinc.com:interface:tmds_rtl:1.0 hdmi_out
INFO: [board_interface 100-100] connect_bd_intf_net /hdmi_out /rgb2dvi_0/TMDS
endgroup
startgroup
create_bd_cell -type ip -vlnv xilinx.com:ip:clk_wiz:6.0 clk_wiz_0
apply_board_connection -board_interface "sys_clock" -ip_intf "clk_wiz_0/clock_CLK_IN1" -diagram "img_proc" 
INFO: [board_interface 100-100] current_bd_design img_proc
INFO: [board_interface 100-100] set_property CONFIG.USE_BOARD_FLOW true [get_bd_cells -quiet /clk_wiz_0]
INFO: [board_interface 100-100] set_property CONFIG.CLK_IN1_BOARD_INTERFACE sys_clock [get_bd_cells -quiet /clk_wiz_0]
WARNING: [BD 5-670] It is required to provide a frequency value for a user created input clock port. Please use the <-freq_hz $freq_val> argument of the create_bd_port command. ie create_bd_port -dir I -type clk -freq_hz 100000000 clkin
INFO: [board_interface 100-100] create_bd_port -dir I sys_clock -type clk
INFO: [board_interface 100-100] set_property CONFIG.FREQ_HZ 100000000 /sys_clock
INFO: [board_interface 100-100] set_property CONFIG.PHASE 0.000 /sys_clock
INFO: [board_interface 100-100] connect_bd_net /sys_clock /clk_wiz_0/clk_in1
INFO: [board_interface 100-100] set_property CONFIG.FREQ_HZ 125000000 /sys_clock
WARNING: [board_interface 100-100] The IP interface clk_wiz_0/clock_CLK_IN1 has been connected but the IP has not been configured to match your board.  Please configure this IP as necessary to meet your requirements.
endgroup
startgroup
apply_bd_automation -rule xilinx.com:bd_rule:board -config { Manual_Source {New External Port (ACTIVE_HIGH)}}  [get_bd_pins clk_wiz_0/reset]
INFO: [board_rule 100-100] create_bd_port -dir I reset_rtl -type rst
INFO: [board_rule 100-100] set_property CONFIG.POLARITY ACTIVE_HIGH /reset_rtl
INFO: [board_rule 100-100] connect_bd_net /reset_rtl /clk_wiz_0/reset
INFO: [board_rule 100-100] set_property CONFIG.POLARITY ACTIVE_HIGH /reset_rtl
WARNING: [board_rule 100-100] Board automation did not generate location constraint for /clk_wiz_0/reset. Users may need to specify the location constraint manually.
apply_bd_automation -rule xilinx.com:bd_rule:clkrst -config { Clk {/clk_wiz_0/clk_out1 (100 MHz)} Freq {100} Ref_Clk0 {} Ref_Clk1 {} Ref_Clk2 {}}  [get_bd_pins dvi2rgb_0/RefClk]
endgroup
regenerate_bd_layout
startgroup
set_property -dict [list CONFIG.CLKOUT1_REQUESTED_OUT_FREQ {200} CONFIG.MMCM_CLKOUT0_DIVIDE_F {5.000} CONFIG.CLKOUT1_JITTER {109.241}] [get_bd_cells clk_wiz_0]
endgroup
startgroup
create_bd_cell -type ip -vlnv xilinx.com:ip:xlconstant:1.1 xlconstant_0
endgroup
startgroup
create_bd_port -dir O -from 0 -to 0 hdmi_in_port
connect_bd_net [get_bd_pins /xlconstant_0/dout] [get_bd_ports hdmi_in_port]
endgroup
regenerate_bd_layout
connect_bd_intf_net [get_bd_intf_pins dvi2rgb_0/RGB] [get_bd_intf_pins rgb2dvi_0/RGB]
create_bd_port -dir I async_reset
delete_bd_objs [get_bd_ports async_reset]
set_property name async_reset [get_bd_ports reset_rtl]
connect_bd_net [get_bd_ports async_reset] [get_bd_pins rgb2dvi_0/aRst]
connect_bd_net [get_bd_ports async_reset] [get_bd_pins dvi2rgb_0/aRst]
WARNING: [BD 41-1731] Type mismatch between connected pins: /async_reset(rst) and /dvi2rgb_0/aRst(undef)
connect_bd_net [get_bd_pins dvi2rgb_0/PixelClk] [get_bd_pins rgb2dvi_0/PixelClk]
regenerate_bd_layout
WARNING: [IP_Flow 19-2991] No XGUI Files found 
WARNING: [IP_Flow 19-474] Invalid Parameter 'Component_Name'
startgroup
set_property -dict [list CONFIG.kClkRange {1}] [get_bd_cells dvi2rgb_0]
endgroup
set_property name hdmi_in_hpd [get_bd_ports hdmi_in_port]
validate_bd_design
WARNING: [BD 41-927] Following properties on pin /dvi2rgb_0/RefClk have been updated from connected ip. They may not be synchronized with cell properties. You can set property on pin directly to confirm the value and resolve the warning.
	PHASE=0.0 
save_bd_design
Wrote  : </home/austin/Desktop/projects/zybo/zybo_img_proc/vivado/img_proc/img_proc.srcs/sources_1/bd/img_proc/img_proc.bd> 
Wrote  : </home/austin/Desktop/projects/zybo/zybo_img_proc/vivado/img_proc/img_proc.srcs/sources_1/bd/img_proc/ui/bd_4a8ff72.ui> 
make_wrapper -files [get_files /home/austin/Desktop/projects/zybo/zybo_img_proc/vivado/img_proc/img_proc.srcs/sources_1/bd/img_proc/img_proc.bd] -top
INFO: [BD 41-1662] The design 'img_proc.bd' is already validated. Therefore parameter propagation will not be re-run.
VHDL Output written to : /home/austin/Desktop/projects/zybo/zybo_img_proc/vivado/img_proc/img_proc.srcs/sources_1/bd/img_proc/synth/img_proc.vhd
VHDL Output written to : /home/austin/Desktop/projects/zybo/zybo_img_proc/vivado/img_proc/img_proc.srcs/sources_1/bd/img_proc/sim/img_proc.vhd
VHDL Output written to : /home/austin/Desktop/projects/zybo/zybo_img_proc/vivado/img_proc/img_proc.srcs/sources_1/bd/img_proc/hdl/img_proc_wrapper.vhd
import_files -force -norecurse /home/austin/Desktop/projects/zybo/zybo_img_proc/vivado/img_proc/img_proc.srcs/sources_1/bd/img_proc/hdl/img_proc_wrapper.vhd
launch_runs impl_1 -to_step write_bitstream -jobs 15
INFO: [BD 41-1662] The design 'img_proc.bd' is already validated. Therefore parameter propagation will not be re-run.
Wrote  : </home/austin/Desktop/projects/zybo/zybo_img_proc/vivado/img_proc/img_proc.srcs/sources_1/bd/img_proc/img_proc.bd> 
VHDL Output written to : /home/austin/Desktop/projects/zybo/zybo_img_proc/vivado/img_proc/img_proc.srcs/sources_1/bd/img_proc/synth/img_proc.vhd
VHDL Output written to : /home/austin/Desktop/projects/zybo/zybo_img_proc/vivado/img_proc/img_proc.srcs/sources_1/bd/img_proc/sim/img_proc.vhd
VHDL Output written to : /home/austin/Desktop/projects/zybo/zybo_img_proc/vivado/img_proc/img_proc.srcs/sources_1/bd/img_proc/hdl/img_proc_wrapper.vhd
CRITICAL WARNING: [IP_Flow 19-4965] IP ila_refclk was packaged with board value 'digilentinc.com:nexys_video:part0:1.1'. Current project's board value is 'digilentinc.com:zybo-z7-20:part0:1.0'. Please update the project settings to match the packaged IP.
INFO: [IP_Flow 19-3422] Upgraded ila_refclk (ILA (Integrated Logic Analyzer) 6.2) from revision 7 to revision 10
CRITICAL WARNING: [IP_Flow 19-4965] IP ila_pixclk was packaged with board value 'digilentinc.com:nexys_video:part0:1.1'. Current project's board value is 'digilentinc.com:zybo-z7-20:part0:1.0'. Please update the project settings to match the packaged IP.
INFO: [IP_Flow 19-3422] Upgraded ila_pixclk (ILA (Integrated Logic Analyzer) 6.2) from revision 7 to revision 10
INFO: [BD 41-1029] Generation completed for the IP Integrator block dvi2rgb_0 .
INFO: [BD 41-1029] Generation completed for the IP Integrator block rgb2dvi_0 .
INFO: [BD 41-1029] Generation completed for the IP Integrator block clk_wiz_0 .
INFO: [BD 41-1029] Generation completed for the IP Integrator block xlconstant_0 .
Exporting to file /home/austin/Desktop/projects/zybo/zybo_img_proc/vivado/img_proc/img_proc.srcs/sources_1/bd/img_proc/hw_handoff/img_proc.hwh
Generated Block Design Tcl file /home/austin/Desktop/projects/zybo/zybo_img_proc/vivado/img_proc/img_proc.srcs/sources_1/bd/img_proc/hw_handoff/img_proc_bd.tcl
Generated Hardware Definition File /home/austin/Desktop/projects/zybo/zybo_img_proc/vivado/img_proc/img_proc.srcs/sources_1/bd/img_proc/synth/img_proc.hwdef
INFO: [IP_Flow 19-5642] Done with IP cache export for multiple IPs
[Sun Nov  3 18:01:54 2019] Launched img_proc_dvi2rgb_0_0_synth_1, img_proc_rgb2dvi_0_0_synth_1, img_proc_clk_wiz_0_0_synth_1, synth_1...
Run output will be captured here:
img_proc_dvi2rgb_0_0_synth_1: /home/austin/Desktop/projects/zybo/zybo_img_proc/vivado/img_proc/img_proc.runs/img_proc_dvi2rgb_0_0_synth_1/runme.log
img_proc_rgb2dvi_0_0_synth_1: /home/austin/Desktop/projects/zybo/zybo_img_proc/vivado/img_proc/img_proc.runs/img_proc_rgb2dvi_0_0_synth_1/runme.log
img_proc_clk_wiz_0_0_synth_1: /home/austin/Desktop/projects/zybo/zybo_img_proc/vivado/img_proc/img_proc.runs/img_proc_clk_wiz_0_0_synth_1/runme.log
synth_1: /home/austin/Desktop/projects/zybo/zybo_img_proc/vivado/img_proc/img_proc.runs/synth_1/runme.log
[Sun Nov  3 18:01:55 2019] Launched impl_1...
Run output will be captured here: /home/austin/Desktop/projects/zybo/zybo_img_proc/vivado/img_proc/img_proc.runs/impl_1/runme.log
launch_runs: Time (s): cpu = 00:00:08 ; elapsed = 00:00:06 . Memory (MB): peak = 7477.691 ; gain = 157.508 ; free physical = 20263 ; free virtual = 27931
open_hw_manager
connect_hw_server -allow_non_jtag
INFO: [Labtools 27-2285] Connecting to hw_server url TCP:localhost:3121
INFO: [Labtools 27-2222] Launching hw_server...
INFO: [Labtools 27-2221] Launch Output:

****** Xilinx hw_server v2019.2
  **** Build date : Oct 24 2019 at 19:23:45
    ** Copyright 1986-2019 Xilinx, Inc. All Rights Reserved.


INFO: [Labtools 27-3415] Connecting to cs_server url TCP:localhost:3042
INFO: [Labtools 27-3417] Launching cs_server...
INFO: [Labtools 27-2221] Launch Output:
[?1034h

****** Xilinx cs_server v2019.2.0
  **** Build date : Oct 24 2019-18:51:27
    ** Copyright 2017-2019 Xilinx, Inc. All Rights Reserved.



open_hw_target
INFO: [Labtoolstcl 44-466] Opening hw_target localhost:3121/xilinx_tcf/Digilent/210351A825A0A
set_property PROGRAM.FILE {/home/austin/Desktop/projects/zybo/zybo_img_proc/vivado/img_proc/img_proc.runs/impl_1/img_proc_wrapper.bit} [get_hw_devices xc7z020_1]
set_property PROBES.FILE {/home/austin/Desktop/projects/zybo/zybo_img_proc/vivado/img_proc/img_proc.runs/impl_1/img_proc_wrapper.ltx} [get_hw_devices xc7z020_1]
set_property FULL_PROBES.FILE {/home/austin/Desktop/projects/zybo/zybo_img_proc/vivado/img_proc/img_proc.runs/impl_1/img_proc_wrapper.ltx} [get_hw_devices xc7z020_1]
current_hw_device [get_hw_devices xc7z020_1]
refresh_hw_device [lindex [get_hw_devices xc7z020_1] 0]
INFO: [Labtools 27-2302] Device xc7z020 (JTAG device index = 1) is programmed with a design that has 2 ILA core(s).
display_hw_ila_data [ get_hw_ila_data hw_ila_data_1 -of_objects [get_hw_ilas -of_objects [get_hw_devices xc7z020_1] -filter {CELL_NAME=~"img_proc_i/dvi2rgb_0/U0/GenerateDebug.ILA_PixClkx"}]]
display_hw_ila_data [ get_hw_ila_data hw_ila_data_2 -of_objects [get_hw_ilas -of_objects [get_hw_devices xc7z020_1] -filter {CELL_NAME=~"img_proc_i/dvi2rgb_0/U0/GenerateDebug.ILA_RefClkx"}]]
run_hw_ila [get_hw_ilas -of_objects [get_hw_devices xc7z020_1] -filter {CELL_NAME=~"img_proc_i/dvi2rgb_0/U0/GenerateDebug.ILA_PixClkx"}]
INFO: [Labtools 27-1964] The ILA core 'hw_ila_1' trigger was armed at 2019-Nov-03 18:09:01
wait_on_hw_ila [get_hw_ilas -of_objects [get_hw_devices xc7z020_1] -filter {CELL_NAME=~"img_proc_i/dvi2rgb_0/U0/GenerateDebug.ILA_PixClkx"}]
display_hw_ila_data [upload_hw_ila_data [get_hw_ilas -of_objects [get_hw_devices xc7z020_1] -filter {CELL_NAME=~"img_proc_i/dvi2rgb_0/U0/GenerateDebug.ILA_PixClkx"}]]
INFO: [Labtools 27-1966] The ILA core 'hw_ila_1' triggered at 2019-Nov-03 18:09:01
INFO: [Labtools 27-3304] ILA Waveform data saved to file /home/austin/Desktop/projects/zybo/zybo_img_proc/vivado/img_proc/img_proc.hw/backup/hw_ila_data_1.ila. Use Tcl command 'read_hw_ila_data' or Vivado File->Import->Import ILA Data menu item to import the previously saved data.
run_hw_ila [get_hw_ilas -of_objects [get_hw_devices xc7z020_1] -filter {CELL_NAME=~"img_proc_i/dvi2rgb_0/U0/GenerateDebug.ILA_PixClkx"}]
INFO: [Labtools 27-1964] The ILA core 'hw_ila_1' trigger was armed at 2019-Nov-03 18:09:03
wait_on_hw_ila [get_hw_ilas -of_objects [get_hw_devices xc7z020_1] -filter {CELL_NAME=~"img_proc_i/dvi2rgb_0/U0/GenerateDebug.ILA_PixClkx"}]
display_hw_ila_data [upload_hw_ila_data [get_hw_ilas -of_objects [get_hw_devices xc7z020_1] -filter {CELL_NAME=~"img_proc_i/dvi2rgb_0/U0/GenerateDebug.ILA_PixClkx"}]]
INFO: [Labtools 27-1966] The ILA core 'hw_ila_1' triggered at 2019-Nov-03 18:09:03
INFO: [Labtools 27-3304] ILA Waveform data saved to file /home/austin/Desktop/projects/zybo/zybo_img_proc/vivado/img_proc/img_proc.hw/backup/hw_ila_data_1.ila. Use Tcl command 'read_hw_ila_data' or Vivado File->Import->Import ILA Data menu item to import the previously saved data.
run_hw_ila [get_hw_ilas -of_objects [get_hw_devices xc7z020_1] -filter {CELL_NAME=~"img_proc_i/dvi2rgb_0/U0/GenerateDebug.ILA_PixClkx"}]
INFO: [Labtools 27-1964] The ILA core 'hw_ila_1' trigger was armed at 2019-Nov-03 18:09:05
wait_on_hw_ila [get_hw_ilas -of_objects [get_hw_devices xc7z020_1] -filter {CELL_NAME=~"img_proc_i/dvi2rgb_0/U0/GenerateDebug.ILA_PixClkx"}]
display_hw_ila_data [upload_hw_ila_data [get_hw_ilas -of_objects [get_hw_devices xc7z020_1] -filter {CELL_NAME=~"img_proc_i/dvi2rgb_0/U0/GenerateDebug.ILA_PixClkx"}]]
INFO: [Labtools 27-1966] The ILA core 'hw_ila_1' triggered at 2019-Nov-03 18:09:05
INFO: [Labtools 27-3304] ILA Waveform data saved to file /home/austin/Desktop/projects/zybo/zybo_img_proc/vivado/img_proc/img_proc.hw/backup/hw_ila_data_1.ila. Use Tcl command 'read_hw_ila_data' or Vivado File->Import->Import ILA Data menu item to import the previously saved data.
run_hw_ila [get_hw_ilas -of_objects [get_hw_devices xc7z020_1] -filter {CELL_NAME=~"img_proc_i/dvi2rgb_0/U0/GenerateDebug.ILA_PixClkx"}]
INFO: [Labtools 27-1964] The ILA core 'hw_ila_1' trigger was armed at 2019-Nov-03 18:09:06
wait_on_hw_ila [get_hw_ilas -of_objects [get_hw_devices xc7z020_1] -filter {CELL_NAME=~"img_proc_i/dvi2rgb_0/U0/GenerateDebug.ILA_PixClkx"}]
display_hw_ila_data [upload_hw_ila_data [get_hw_ilas -of_objects [get_hw_devices xc7z020_1] -filter {CELL_NAME=~"img_proc_i/dvi2rgb_0/U0/GenerateDebug.ILA_PixClkx"}]]
INFO: [Labtools 27-1966] The ILA core 'hw_ila_1' triggered at 2019-Nov-03 18:09:06
INFO: [Labtools 27-3304] ILA Waveform data saved to file /home/austin/Desktop/projects/zybo/zybo_img_proc/vivado/img_proc/img_proc.hw/backup/hw_ila_data_1.ila. Use Tcl command 'read_hw_ila_data' or Vivado File->Import->Import ILA Data menu item to import the previously saved data.
run_hw_ila [get_hw_ilas -of_objects [get_hw_devices xc7z020_1] -filter {CELL_NAME=~"img_proc_i/dvi2rgb_0/U0/GenerateDebug.ILA_PixClkx"}]
INFO: [Labtools 27-1964] The ILA core 'hw_ila_1' trigger was armed at 2019-Nov-03 18:09:07
wait_on_hw_ila [get_hw_ilas -of_objects [get_hw_devices xc7z020_1] -filter {CELL_NAME=~"img_proc_i/dvi2rgb_0/U0/GenerateDebug.ILA_PixClkx"}]
display_hw_ila_data [upload_hw_ila_data [get_hw_ilas -of_objects [get_hw_devices xc7z020_1] -filter {CELL_NAME=~"img_proc_i/dvi2rgb_0/U0/GenerateDebug.ILA_PixClkx"}]]
INFO: [Labtools 27-1966] The ILA core 'hw_ila_1' triggered at 2019-Nov-03 18:09:07
INFO: [Labtools 27-3304] ILA Waveform data saved to file /home/austin/Desktop/projects/zybo/zybo_img_proc/vivado/img_proc/img_proc.hw/backup/hw_ila_data_1.ila. Use Tcl command 'read_hw_ila_data' or Vivado File->Import->Import ILA Data menu item to import the previously saved data.
run_hw_ila [get_hw_ilas -of_objects [get_hw_devices xc7z020_1] -filter {CELL_NAME=~"img_proc_i/dvi2rgb_0/U0/GenerateDebug.ILA_PixClkx"}]
INFO: [Labtools 27-1964] The ILA core 'hw_ila_1' trigger was armed at 2019-Nov-03 18:09:09
wait_on_hw_ila [get_hw_ilas -of_objects [get_hw_devices xc7z020_1] -filter {CELL_NAME=~"img_proc_i/dvi2rgb_0/U0/GenerateDebug.ILA_PixClkx"}]
display_hw_ila_data [upload_hw_ila_data [get_hw_ilas -of_objects [get_hw_devices xc7z020_1] -filter {CELL_NAME=~"img_proc_i/dvi2rgb_0/U0/GenerateDebug.ILA_PixClkx"}]]
INFO: [Labtools 27-1966] The ILA core 'hw_ila_1' triggered at 2019-Nov-03 18:09:09
INFO: [Labtools 27-3304] ILA Waveform data saved to file /home/austin/Desktop/projects/zybo/zybo_img_proc/vivado/img_proc/img_proc.hw/backup/hw_ila_data_1.ila. Use Tcl command 'read_hw_ila_data' or Vivado File->Import->Import ILA Data menu item to import the previously saved data.
run_hw_ila [get_hw_ilas -of_objects [get_hw_devices xc7z020_1] -filter {CELL_NAME=~"img_proc_i/dvi2rgb_0/U0/GenerateDebug.ILA_PixClkx"}]
INFO: [Labtools 27-1964] The ILA core 'hw_ila_1' trigger was armed at 2019-Nov-03 18:09:12
wait_on_hw_ila [get_hw_ilas -of_objects [get_hw_devices xc7z020_1] -filter {CELL_NAME=~"img_proc_i/dvi2rgb_0/U0/GenerateDebug.ILA_PixClkx"}]
display_hw_ila_data [upload_hw_ila_data [get_hw_ilas -of_objects [get_hw_devices xc7z020_1] -filter {CELL_NAME=~"img_proc_i/dvi2rgb_0/U0/GenerateDebug.ILA_PixClkx"}]]
INFO: [Labtools 27-1966] The ILA core 'hw_ila_1' triggered at 2019-Nov-03 18:09:12
INFO: [Labtools 27-3304] ILA Waveform data saved to file /home/austin/Desktop/projects/zybo/zybo_img_proc/vivado/img_proc/img_proc.hw/backup/hw_ila_data_1.ila. Use Tcl command 'read_hw_ila_data' or Vivado File->Import->Import ILA Data menu item to import the previously saved data.
run_hw_ila [get_hw_ilas -of_objects [get_hw_devices xc7z020_1] -filter {CELL_NAME=~"img_proc_i/dvi2rgb_0/U0/GenerateDebug.ILA_PixClkx"}]
INFO: [Labtools 27-1964] The ILA core 'hw_ila_1' trigger was armed at 2019-Nov-03 18:09:17
wait_on_hw_ila [get_hw_ilas -of_objects [get_hw_devices xc7z020_1] -filter {CELL_NAME=~"img_proc_i/dvi2rgb_0/U0/GenerateDebug.ILA_PixClkx"}]
display_hw_ila_data [upload_hw_ila_data [get_hw_ilas -of_objects [get_hw_devices xc7z020_1] -filter {CELL_NAME=~"img_proc_i/dvi2rgb_0/U0/GenerateDebug.ILA_PixClkx"}]]
INFO: [Labtools 27-1966] The ILA core 'hw_ila_1' triggered at 2019-Nov-03 18:09:17
INFO: [Labtools 27-3304] ILA Waveform data saved to file /home/austin/Desktop/projects/zybo/zybo_img_proc/vivado/img_proc/img_proc.hw/backup/hw_ila_data_1.ila. Use Tcl command 'read_hw_ila_data' or Vivado File->Import->Import ILA Data menu item to import the previously saved data.
run_hw_ila [get_hw_ilas -of_objects [get_hw_devices xc7z020_1] -filter {CELL_NAME=~"img_proc_i/dvi2rgb_0/U0/GenerateDebug.ILA_PixClkx"}]
INFO: [Labtools 27-1964] The ILA core 'hw_ila_1' trigger was armed at 2019-Nov-03 18:09:18
wait_on_hw_ila [get_hw_ilas -of_objects [get_hw_devices xc7z020_1] -filter {CELL_NAME=~"img_proc_i/dvi2rgb_0/U0/GenerateDebug.ILA_PixClkx"}]
display_hw_ila_data [upload_hw_ila_data [get_hw_ilas -of_objects [get_hw_devices xc7z020_1] -filter {CELL_NAME=~"img_proc_i/dvi2rgb_0/U0/GenerateDebug.ILA_PixClkx"}]]
INFO: [Labtools 27-1966] The ILA core 'hw_ila_1' triggered at 2019-Nov-03 18:09:18
INFO: [Labtools 27-3304] ILA Waveform data saved to file /home/austin/Desktop/projects/zybo/zybo_img_proc/vivado/img_proc/img_proc.hw/backup/hw_ila_data_1.ila. Use Tcl command 'read_hw_ila_data' or Vivado File->Import->Import ILA Data menu item to import the previously saved data.
run_hw_ila [get_hw_ilas -of_objects [get_hw_devices xc7z020_1] -filter {CELL_NAME=~"img_proc_i/dvi2rgb_0/U0/GenerateDebug.ILA_PixClkx"}]
INFO: [Labtools 27-1964] The ILA core 'hw_ila_1' trigger was armed at 2019-Nov-03 18:09:20
wait_on_hw_ila [get_hw_ilas -of_objects [get_hw_devices xc7z020_1] -filter {CELL_NAME=~"img_proc_i/dvi2rgb_0/U0/GenerateDebug.ILA_PixClkx"}]
display_hw_ila_data [upload_hw_ila_data [get_hw_ilas -of_objects [get_hw_devices xc7z020_1] -filter {CELL_NAME=~"img_proc_i/dvi2rgb_0/U0/GenerateDebug.ILA_PixClkx"}]]
INFO: [Labtools 27-1966] The ILA core 'hw_ila_1' triggered at 2019-Nov-03 18:09:20
INFO: [Labtools 27-3304] ILA Waveform data saved to file /home/austin/Desktop/projects/zybo/zybo_img_proc/vivado/img_proc/img_proc.hw/backup/hw_ila_data_1.ila. Use Tcl command 'read_hw_ila_data' or Vivado File->Import->Import ILA Data menu item to import the previously saved data.
run_hw_ila [get_hw_ilas -of_objects [get_hw_devices xc7z020_1] -filter {CELL_NAME=~"img_proc_i/dvi2rgb_0/U0/GenerateDebug.ILA_PixClkx"}]
INFO: [Labtools 27-1964] The ILA core 'hw_ila_1' trigger was armed at 2019-Nov-03 18:09:21
wait_on_hw_ila [get_hw_ilas -of_objects [get_hw_devices xc7z020_1] -filter {CELL_NAME=~"img_proc_i/dvi2rgb_0/U0/GenerateDebug.ILA_PixClkx"}]
display_hw_ila_data [upload_hw_ila_data [get_hw_ilas -of_objects [get_hw_devices xc7z020_1] -filter {CELL_NAME=~"img_proc_i/dvi2rgb_0/U0/GenerateDebug.ILA_PixClkx"}]]
INFO: [Labtools 27-1966] The ILA core 'hw_ila_1' triggered at 2019-Nov-03 18:09:21
INFO: [Labtools 27-3304] ILA Waveform data saved to file /home/austin/Desktop/projects/zybo/zybo_img_proc/vivado/img_proc/img_proc.hw/backup/hw_ila_data_1.ila. Use Tcl command 'read_hw_ila_data' or Vivado File->Import->Import ILA Data menu item to import the previously saved data.
run_hw_ila [get_hw_ilas -of_objects [get_hw_devices xc7z020_1] -filter {CELL_NAME=~"img_proc_i/dvi2rgb_0/U0/GenerateDebug.ILA_PixClkx"}]
INFO: [Labtools 27-1964] The ILA core 'hw_ila_1' trigger was armed at 2019-Nov-03 18:09:24
wait_on_hw_ila [get_hw_ilas -of_objects [get_hw_devices xc7z020_1] -filter {CELL_NAME=~"img_proc_i/dvi2rgb_0/U0/GenerateDebug.ILA_PixClkx"}]
display_hw_ila_data [upload_hw_ila_data [get_hw_ilas -of_objects [get_hw_devices xc7z020_1] -filter {CELL_NAME=~"img_proc_i/dvi2rgb_0/U0/GenerateDebug.ILA_PixClkx"}]]
INFO: [Labtools 27-1966] The ILA core 'hw_ila_1' triggered at 2019-Nov-03 18:09:24
INFO: [Labtools 27-3304] ILA Waveform data saved to file /home/austin/Desktop/projects/zybo/zybo_img_proc/vivado/img_proc/img_proc.hw/backup/hw_ila_data_1.ila. Use Tcl command 'read_hw_ila_data' or Vivado File->Import->Import ILA Data menu item to import the previously saved data.
run_hw_ila [get_hw_ilas -of_objects [get_hw_devices xc7z020_1] -filter {CELL_NAME=~"img_proc_i/dvi2rgb_0/U0/GenerateDebug.ILA_PixClkx"}]
INFO: [Labtools 27-1964] The ILA core 'hw_ila_1' trigger was armed at 2019-Nov-03 18:09:25
wait_on_hw_ila [get_hw_ilas -of_objects [get_hw_devices xc7z020_1] -filter {CELL_NAME=~"img_proc_i/dvi2rgb_0/U0/GenerateDebug.ILA_PixClkx"}]
display_hw_ila_data [upload_hw_ila_data [get_hw_ilas -of_objects [get_hw_devices xc7z020_1] -filter {CELL_NAME=~"img_proc_i/dvi2rgb_0/U0/GenerateDebug.ILA_PixClkx"}]]
INFO: [Labtools 27-1966] The ILA core 'hw_ila_1' triggered at 2019-Nov-03 18:09:25
INFO: [Labtools 27-3304] ILA Waveform data saved to file /home/austin/Desktop/projects/zybo/zybo_img_proc/vivado/img_proc/img_proc.hw/backup/hw_ila_data_1.ila. Use Tcl command 'read_hw_ila_data' or Vivado File->Import->Import ILA Data menu item to import the previously saved data.
run_hw_ila [get_hw_ilas -of_objects [get_hw_devices xc7z020_1] -filter {CELL_NAME=~"img_proc_i/dvi2rgb_0/U0/GenerateDebug.ILA_PixClkx"}]
INFO: [Labtools 27-1964] The ILA core 'hw_ila_1' trigger was armed at 2019-Nov-03 18:09:26
wait_on_hw_ila [get_hw_ilas -of_objects [get_hw_devices xc7z020_1] -filter {CELL_NAME=~"img_proc_i/dvi2rgb_0/U0/GenerateDebug.ILA_PixClkx"}]
display_hw_ila_data [upload_hw_ila_data [get_hw_ilas -of_objects [get_hw_devices xc7z020_1] -filter {CELL_NAME=~"img_proc_i/dvi2rgb_0/U0/GenerateDebug.ILA_PixClkx"}]]
INFO: [Labtools 27-1966] The ILA core 'hw_ila_1' triggered at 2019-Nov-03 18:09:26
INFO: [Labtools 27-3304] ILA Waveform data saved to file /home/austin/Desktop/projects/zybo/zybo_img_proc/vivado/img_proc/img_proc.hw/backup/hw_ila_data_1.ila. Use Tcl command 'read_hw_ila_data' or Vivado File->Import->Import ILA Data menu item to import the previously saved data.
run_hw_ila [get_hw_ilas -of_objects [get_hw_devices xc7z020_1] -filter {CELL_NAME=~"img_proc_i/dvi2rgb_0/U0/GenerateDebug.ILA_PixClkx"}]
INFO: [Labtools 27-1964] The ILA core 'hw_ila_1' trigger was armed at 2019-Nov-03 18:09:43
wait_on_hw_ila [get_hw_ilas -of_objects [get_hw_devices xc7z020_1] -filter {CELL_NAME=~"img_proc_i/dvi2rgb_0/U0/GenerateDebug.ILA_PixClkx"}]
display_hw_ila_data [upload_hw_ila_data [get_hw_ilas -of_objects [get_hw_devices xc7z020_1] -filter {CELL_NAME=~"img_proc_i/dvi2rgb_0/U0/GenerateDebug.ILA_PixClkx"}]]
INFO: [Labtools 27-1966] The ILA core 'hw_ila_1' triggered at 2019-Nov-03 18:09:43
INFO: [Labtools 27-3304] ILA Waveform data saved to file /home/austin/Desktop/projects/zybo/zybo_img_proc/vivado/img_proc/img_proc.hw/backup/hw_ila_data_1.ila. Use Tcl command 'read_hw_ila_data' or Vivado File->Import->Import ILA Data menu item to import the previously saved data.
run_hw_ila [get_hw_ilas -of_objects [get_hw_devices xc7z020_1] -filter {CELL_NAME=~"img_proc_i/dvi2rgb_0/U0/GenerateDebug.ILA_PixClkx"}]
INFO: [Labtools 27-1964] The ILA core 'hw_ila_1' trigger was armed at 2019-Nov-03 18:09:46
wait_on_hw_ila [get_hw_ilas -of_objects [get_hw_devices xc7z020_1] -filter {CELL_NAME=~"img_proc_i/dvi2rgb_0/U0/GenerateDebug.ILA_PixClkx"}]
display_hw_ila_data [upload_hw_ila_data [get_hw_ilas -of_objects [get_hw_devices xc7z020_1] -filter {CELL_NAME=~"img_proc_i/dvi2rgb_0/U0/GenerateDebug.ILA_PixClkx"}]]
INFO: [Labtools 27-1966] The ILA core 'hw_ila_1' triggered at 2019-Nov-03 18:09:46
INFO: [Labtools 27-3304] ILA Waveform data saved to file /home/austin/Desktop/projects/zybo/zybo_img_proc/vivado/img_proc/img_proc.hw/backup/hw_ila_data_1.ila. Use Tcl command 'read_hw_ila_data' or Vivado File->Import->Import ILA Data menu item to import the previously saved data.
run_hw_ila [get_hw_ilas -of_objects [get_hw_devices xc7z020_1] -filter {CELL_NAME=~"img_proc_i/dvi2rgb_0/U0/GenerateDebug.ILA_PixClkx"}]
INFO: [Labtools 27-1964] The ILA core 'hw_ila_1' trigger was armed at 2019-Nov-03 18:09:47
wait_on_hw_ila [get_hw_ilas -of_objects [get_hw_devices xc7z020_1] -filter {CELL_NAME=~"img_proc_i/dvi2rgb_0/U0/GenerateDebug.ILA_PixClkx"}]
display_hw_ila_data [upload_hw_ila_data [get_hw_ilas -of_objects [get_hw_devices xc7z020_1] -filter {CELL_NAME=~"img_proc_i/dvi2rgb_0/U0/GenerateDebug.ILA_PixClkx"}]]
INFO: [Labtools 27-1966] The ILA core 'hw_ila_1' triggered at 2019-Nov-03 18:09:47
INFO: [Labtools 27-3304] ILA Waveform data saved to file /home/austin/Desktop/projects/zybo/zybo_img_proc/vivado/img_proc/img_proc.hw/backup/hw_ila_data_1.ila. Use Tcl command 'read_hw_ila_data' or Vivado File->Import->Import ILA Data menu item to import the previously saved data.
run_hw_ila [get_hw_ilas -of_objects [get_hw_devices xc7z020_1] -filter {CELL_NAME=~"img_proc_i/dvi2rgb_0/U0/GenerateDebug.ILA_PixClkx"}]
INFO: [Labtools 27-1964] The ILA core 'hw_ila_1' trigger was armed at 2019-Nov-03 18:09:49
wait_on_hw_ila [get_hw_ilas -of_objects [get_hw_devices xc7z020_1] -filter {CELL_NAME=~"img_proc_i/dvi2rgb_0/U0/GenerateDebug.ILA_PixClkx"}]
display_hw_ila_data [upload_hw_ila_data [get_hw_ilas -of_objects [get_hw_devices xc7z020_1] -filter {CELL_NAME=~"img_proc_i/dvi2rgb_0/U0/GenerateDebug.ILA_PixClkx"}]]
INFO: [Labtools 27-1966] The ILA core 'hw_ila_1' triggered at 2019-Nov-03 18:09:49
INFO: [Labtools 27-3304] ILA Waveform data saved to file /home/austin/Desktop/projects/zybo/zybo_img_proc/vivado/img_proc/img_proc.hw/backup/hw_ila_data_1.ila. Use Tcl command 'read_hw_ila_data' or Vivado File->Import->Import ILA Data menu item to import the previously saved data.
set_property PROBES.FILE {/home/austin/Desktop/projects/zybo/zybo_img_proc/vivado/img_proc/img_proc.runs/impl_1/img_proc_wrapper.ltx} [get_hw_devices xc7z020_1]
set_property FULL_PROBES.FILE {/home/austin/Desktop/projects/zybo/zybo_img_proc/vivado/img_proc/img_proc.runs/impl_1/img_proc_wrapper.ltx} [get_hw_devices xc7z020_1]
set_property PROGRAM.FILE {/home/austin/Desktop/projects/zybo/zybo_img_proc/vivado/img_proc/img_proc.runs/impl_1/img_proc_wrapper.bit} [get_hw_devices xc7z020_1]
program_hw_devices [get_hw_devices xc7z020_1]
INFO: [Labtools 27-3164] End of startup status: HIGH
refresh_hw_device [lindex [get_hw_devices xc7z020_1] 0]
INFO: [Labtools 27-2302] Device xc7z020 (JTAG device index = 1) is programmed with a design that has 2 ILA core(s).
run_hw_ila [get_hw_ilas -of_objects [get_hw_devices xc7z020_1] -filter {CELL_NAME=~"img_proc_i/dvi2rgb_0/U0/GenerateDebug.ILA_PixClkx"}]
INFO: [Labtools 27-1964] The ILA core 'hw_ila_1' trigger was armed at 2019-Nov-03 18:10:00
wait_on_hw_ila [get_hw_ilas -of_objects [get_hw_devices xc7z020_1] -filter {CELL_NAME=~"img_proc_i/dvi2rgb_0/U0/GenerateDebug.ILA_PixClkx"}]
display_hw_ila_data [upload_hw_ila_data [get_hw_ilas -of_objects [get_hw_devices xc7z020_1] -filter {CELL_NAME=~"img_proc_i/dvi2rgb_0/U0/GenerateDebug.ILA_PixClkx"}]]
INFO: [Labtools 27-1966] The ILA core 'hw_ila_1' triggered at 2019-Nov-03 18:10:00
INFO: [Labtools 27-3304] ILA Waveform data saved to file /home/austin/Desktop/projects/zybo/zybo_img_proc/vivado/img_proc/img_proc.hw/backup/hw_ila_data_1.ila. Use Tcl command 'read_hw_ila_data' or Vivado File->Import->Import ILA Data menu item to import the previously saved data.
run_hw_ila [get_hw_ilas -of_objects [get_hw_devices xc7z020_1] -filter {CELL_NAME=~"img_proc_i/dvi2rgb_0/U0/GenerateDebug.ILA_PixClkx"}]
INFO: [Labtools 27-1964] The ILA core 'hw_ila_1' trigger was armed at 2019-Nov-03 18:10:02
wait_on_hw_ila [get_hw_ilas -of_objects [get_hw_devices xc7z020_1] -filter {CELL_NAME=~"img_proc_i/dvi2rgb_0/U0/GenerateDebug.ILA_PixClkx"}]
display_hw_ila_data [upload_hw_ila_data [get_hw_ilas -of_objects [get_hw_devices xc7z020_1] -filter {CELL_NAME=~"img_proc_i/dvi2rgb_0/U0/GenerateDebug.ILA_PixClkx"}]]
INFO: [Labtools 27-1966] The ILA core 'hw_ila_1' triggered at 2019-Nov-03 18:10:02
INFO: [Labtools 27-3304] ILA Waveform data saved to file /home/austin/Desktop/projects/zybo/zybo_img_proc/vivado/img_proc/img_proc.hw/backup/hw_ila_data_1.ila. Use Tcl command 'read_hw_ila_data' or Vivado File->Import->Import ILA Data menu item to import the previously saved data.
run_hw_ila [get_hw_ilas -of_objects [get_hw_devices xc7z020_1] -filter {CELL_NAME=~"img_proc_i/dvi2rgb_0/U0/GenerateDebug.ILA_PixClkx"}]
INFO: [Labtools 27-1964] The ILA core 'hw_ila_1' trigger was armed at 2019-Nov-03 18:10:05
wait_on_hw_ila [get_hw_ilas -of_objects [get_hw_devices xc7z020_1] -filter {CELL_NAME=~"img_proc_i/dvi2rgb_0/U0/GenerateDebug.ILA_PixClkx"}]
display_hw_ila_data [upload_hw_ila_data [get_hw_ilas -of_objects [get_hw_devices xc7z020_1] -filter {CELL_NAME=~"img_proc_i/dvi2rgb_0/U0/GenerateDebug.ILA_PixClkx"}]]
INFO: [Labtools 27-1966] The ILA core 'hw_ila_1' triggered at 2019-Nov-03 18:10:05
INFO: [Labtools 27-3304] ILA Waveform data saved to file /home/austin/Desktop/projects/zybo/zybo_img_proc/vivado/img_proc/img_proc.hw/backup/hw_ila_data_1.ila. Use Tcl command 'read_hw_ila_data' or Vivado File->Import->Import ILA Data menu item to import the previously saved data.
run_hw_ila [get_hw_ilas -of_objects [get_hw_devices xc7z020_1] -filter {CELL_NAME=~"img_proc_i/dvi2rgb_0/U0/GenerateDebug.ILA_PixClkx"}]
INFO: [Labtools 27-1964] The ILA core 'hw_ila_1' trigger was armed at 2019-Nov-03 18:12:39
wait_on_hw_ila [get_hw_ilas -of_objects [get_hw_devices xc7z020_1] -filter {CELL_NAME=~"img_proc_i/dvi2rgb_0/U0/GenerateDebug.ILA_PixClkx"}]
display_hw_ila_data [upload_hw_ila_data [get_hw_ilas -of_objects [get_hw_devices xc7z020_1] -filter {CELL_NAME=~"img_proc_i/dvi2rgb_0/U0/GenerateDebug.ILA_PixClkx"}]]
INFO: [Labtools 27-1966] The ILA core 'hw_ila_1' triggered at 2019-Nov-03 18:12:39
INFO: [Labtools 27-3304] ILA Waveform data saved to file /home/austin/Desktop/projects/zybo/zybo_img_proc/vivado/img_proc/img_proc.hw/backup/hw_ila_data_1.ila. Use Tcl command 'read_hw_ila_data' or Vivado File->Import->Import ILA Data menu item to import the previously saved data.
run_hw_ila [get_hw_ilas -of_objects [get_hw_devices xc7z020_1] -filter {CELL_NAME=~"img_proc_i/dvi2rgb_0/U0/GenerateDebug.ILA_PixClkx"}]
INFO: [Labtools 27-1964] The ILA core 'hw_ila_1' trigger was armed at 2019-Nov-03 18:12:40
wait_on_hw_ila [get_hw_ilas -of_objects [get_hw_devices xc7z020_1] -filter {CELL_NAME=~"img_proc_i/dvi2rgb_0/U0/GenerateDebug.ILA_PixClkx"}]
display_hw_ila_data [upload_hw_ila_data [get_hw_ilas -of_objects [get_hw_devices xc7z020_1] -filter {CELL_NAME=~"img_proc_i/dvi2rgb_0/U0/GenerateDebug.ILA_PixClkx"}]]
INFO: [Labtools 27-1966] The ILA core 'hw_ila_1' triggered at 2019-Nov-03 18:12:40
INFO: [Labtools 27-3304] ILA Waveform data saved to file /home/austin/Desktop/projects/zybo/zybo_img_proc/vivado/img_proc/img_proc.hw/backup/hw_ila_data_1.ila. Use Tcl command 'read_hw_ila_data' or Vivado File->Import->Import ILA Data menu item to import the previously saved data.
run_hw_ila [get_hw_ilas -of_objects [get_hw_devices xc7z020_1] -filter {CELL_NAME=~"img_proc_i/dvi2rgb_0/U0/GenerateDebug.ILA_PixClkx"}]
INFO: [Labtools 27-1964] The ILA core 'hw_ila_1' trigger was armed at 2019-Nov-03 18:12:42
wait_on_hw_ila [get_hw_ilas -of_objects [get_hw_devices xc7z020_1] -filter {CELL_NAME=~"img_proc_i/dvi2rgb_0/U0/GenerateDebug.ILA_PixClkx"}]
display_hw_ila_data [upload_hw_ila_data [get_hw_ilas -of_objects [get_hw_devices xc7z020_1] -filter {CELL_NAME=~"img_proc_i/dvi2rgb_0/U0/GenerateDebug.ILA_PixClkx"}]]
INFO: [Labtools 27-1966] The ILA core 'hw_ila_1' triggered at 2019-Nov-03 18:12:42
INFO: [Labtools 27-3304] ILA Waveform data saved to file /home/austin/Desktop/projects/zybo/zybo_img_proc/vivado/img_proc/img_proc.hw/backup/hw_ila_data_1.ila. Use Tcl command 'read_hw_ila_data' or Vivado File->Import->Import ILA Data menu item to import the previously saved data.
run_hw_ila [get_hw_ilas -of_objects [get_hw_devices xc7z020_1] -filter {CELL_NAME=~"img_proc_i/dvi2rgb_0/U0/GenerateDebug.ILA_RefClkx"}]
INFO: [Labtools 27-1964] The ILA core 'hw_ila_2' trigger was armed at 2019-Nov-03 18:12:45
wait_on_hw_ila [get_hw_ilas -of_objects [get_hw_devices xc7z020_1] -filter {CELL_NAME=~"img_proc_i/dvi2rgb_0/U0/GenerateDebug.ILA_RefClkx"}]
display_hw_ila_data [upload_hw_ila_data [get_hw_ilas -of_objects [get_hw_devices xc7z020_1] -filter {CELL_NAME=~"img_proc_i/dvi2rgb_0/U0/GenerateDebug.ILA_RefClkx"}]]
INFO: [Labtools 27-1966] The ILA core 'hw_ila_2' triggered at 2019-Nov-03 18:12:45
INFO: [Labtools 27-3304] ILA Waveform data saved to file /home/austin/Desktop/projects/zybo/zybo_img_proc/vivado/img_proc/img_proc.hw/backup/hw_ila_data_2.ila. Use Tcl command 'read_hw_ila_data' or Vivado File->Import->Import ILA Data menu item to import the previously saved data.
run_hw_ila [get_hw_ilas -of_objects [get_hw_devices xc7z020_1] -filter {CELL_NAME=~"img_proc_i/dvi2rgb_0/U0/GenerateDebug.ILA_PixClkx"}]
INFO: [Labtools 27-1964] The ILA core 'hw_ila_1' trigger was armed at 2019-Nov-03 18:12:48
wait_on_hw_ila [get_hw_ilas -of_objects [get_hw_devices xc7z020_1] -filter {CELL_NAME=~"img_proc_i/dvi2rgb_0/U0/GenerateDebug.ILA_PixClkx"}]
display_hw_ila_data [upload_hw_ila_data [get_hw_ilas -of_objects [get_hw_devices xc7z020_1] -filter {CELL_NAME=~"img_proc_i/dvi2rgb_0/U0/GenerateDebug.ILA_PixClkx"}]]
INFO: [Labtools 27-1966] The ILA core 'hw_ila_1' triggered at 2019-Nov-03 18:12:48
INFO: [Labtools 27-3304] ILA Waveform data saved to file /home/austin/Desktop/projects/zybo/zybo_img_proc/vivado/img_proc/img_proc.hw/backup/hw_ila_data_1.ila. Use Tcl command 'read_hw_ila_data' or Vivado File->Import->Import ILA Data menu item to import the previously saved data.
set_property PROBES.FILE {/home/austin/Desktop/projects/zybo/zybo_img_proc/vivado/img_proc/img_proc.runs/impl_1/img_proc_wrapper.ltx} [get_hw_devices xc7z020_1]
set_property FULL_PROBES.FILE {/home/austin/Desktop/projects/zybo/zybo_img_proc/vivado/img_proc/img_proc.runs/impl_1/img_proc_wrapper.ltx} [get_hw_devices xc7z020_1]
set_property PROGRAM.FILE {/home/austin/Desktop/projects/zybo/zybo_img_proc/vivado/img_proc/img_proc.runs/impl_1/img_proc_wrapper.bit} [get_hw_devices xc7z020_1]
program_hw_devices [get_hw_devices xc7z020_1]
INFO: [Labtools 27-3164] End of startup status: HIGH
refresh_hw_device [lindex [get_hw_devices xc7z020_1] 0]
INFO: [Labtools 27-2302] Device xc7z020 (JTAG device index = 1) is programmed with a design that has 2 ILA core(s).
open_bd_design {/home/austin/Desktop/projects/zybo/zybo_img_proc/vivado/img_proc/img_proc.srcs/sources_1/bd/img_proc/img_proc.bd}
startgroup
set_property -dict [list CONFIG.PRIMITIVE {PLL} CONFIG.CLKOUT1_DRIVES {BUFG} CONFIG.CLKOUT2_DRIVES {BUFG} CONFIG.CLKOUT3_DRIVES {BUFG} CONFIG.CLKOUT4_DRIVES {BUFG} CONFIG.CLKOUT5_DRIVES {BUFG} CONFIG.CLKOUT6_DRIVES {BUFG} CONFIG.CLKOUT7_DRIVES {BUFG} CONFIG.MMCM_BANDWIDTH {OPTIMIZED} CONFIG.MMCM_CLKFBOUT_MULT_F {8} CONFIG.MMCM_CLKIN2_PERIOD {10.0} CONFIG.MMCM_COMPENSATION {ZHOLD} CONFIG.MMCM_CLKOUT0_DIVIDE_F {5}] [get_bd_cells clk_wiz_0]
endgroup
save_bd_design
Wrote  : </home/austin/Desktop/projects/zybo/zybo_img_proc/vivado/img_proc/img_proc.srcs/sources_1/bd/img_proc/img_proc.bd> 
reset_run synth_1
reset_run img_proc_clk_wiz_0_0_synth_1
launch_runs impl_1 -to_step write_bitstream -jobs 15
WARNING: [BD 41-927] Following properties on pin /dvi2rgb_0/RefClk have been updated from connected ip. They may not be synchronized with cell properties. You can set property on pin directly to confirm the value and resolve the warning.
	PHASE=0.0 
Wrote  : </home/austin/Desktop/projects/zybo/zybo_img_proc/vivado/img_proc/img_proc.srcs/sources_1/bd/img_proc/img_proc.bd> 
VHDL Output written to : /home/austin/Desktop/projects/zybo/zybo_img_proc/vivado/img_proc/img_proc.srcs/sources_1/bd/img_proc/synth/img_proc.vhd
VHDL Output written to : /home/austin/Desktop/projects/zybo/zybo_img_proc/vivado/img_proc/img_proc.srcs/sources_1/bd/img_proc/sim/img_proc.vhd
VHDL Output written to : /home/austin/Desktop/projects/zybo/zybo_img_proc/vivado/img_proc/img_proc.srcs/sources_1/bd/img_proc/hdl/img_proc_wrapper.vhd
INFO: [BD 41-1029] Generation completed for the IP Integrator block dvi2rgb_0 .
INFO: [BD 41-1029] Generation completed for the IP Integrator block rgb2dvi_0 .
INFO: [BD 41-1029] Generation completed for the IP Integrator block clk_wiz_0 .
INFO: [BD 41-1029] Generation completed for the IP Integrator block xlconstant_0 .
Exporting to file /home/austin/Desktop/projects/zybo/zybo_img_proc/vivado/img_proc/img_proc.srcs/sources_1/bd/img_proc/hw_handoff/img_proc.hwh
Generated Block Design Tcl file /home/austin/Desktop/projects/zybo/zybo_img_proc/vivado/img_proc/img_proc.srcs/sources_1/bd/img_proc/hw_handoff/img_proc_bd.tcl
Generated Hardware Definition File /home/austin/Desktop/projects/zybo/zybo_img_proc/vivado/img_proc/img_proc.srcs/sources_1/bd/img_proc/synth/img_proc.hwdef
[Sun Nov  3 18:13:31 2019] Launched img_proc_clk_wiz_0_0_synth_1, synth_1...
Run output will be captured here:
img_proc_clk_wiz_0_0_synth_1: /home/austin/Desktop/projects/zybo/zybo_img_proc/vivado/img_proc/img_proc.runs/img_proc_clk_wiz_0_0_synth_1/runme.log
synth_1: /home/austin/Desktop/projects/zybo/zybo_img_proc/vivado/img_proc/img_proc.runs/synth_1/runme.log
[Sun Nov  3 18:13:31 2019] Launched impl_1...
Run output will be captured here: /home/austin/Desktop/projects/zybo/zybo_img_proc/vivado/img_proc/img_proc.runs/impl_1/runme.log
set_property PROBES.FILE {/home/austin/Desktop/projects/zybo/zybo_img_proc/vivado/img_proc/img_proc.runs/impl_1/img_proc_wrapper.ltx} [get_hw_devices xc7z020_1]
set_property FULL_PROBES.FILE {/home/austin/Desktop/projects/zybo/zybo_img_proc/vivado/img_proc/img_proc.runs/impl_1/img_proc_wrapper.ltx} [get_hw_devices xc7z020_1]
set_property PROGRAM.FILE {/home/austin/Desktop/projects/zybo/zybo_img_proc/vivado/img_proc/img_proc.runs/impl_1/img_proc_wrapper.bit} [get_hw_devices xc7z020_1]
program_hw_devices [get_hw_devices xc7z020_1]
INFO: [Labtools 27-3164] End of startup status: HIGH
refresh_hw_device [lindex [get_hw_devices xc7z020_1] 0]
INFO: [Labtools 27-2302] Device xc7z020 (JTAG device index = 1) is programmed with a design that has 2 ILA core(s).
run_hw_ila [get_hw_ilas -of_objects [get_hw_devices xc7z020_1] -filter {CELL_NAME=~"img_proc_i/dvi2rgb_0/U0/GenerateDebug.ILA_PixClkx"}]
INFO: [Labtools 27-1964] The ILA core 'hw_ila_1' trigger was armed at 2019-Nov-03 18:17:26
wait_on_hw_ila [get_hw_ilas -of_objects [get_hw_devices xc7z020_1] -filter {CELL_NAME=~"img_proc_i/dvi2rgb_0/U0/GenerateDebug.ILA_PixClkx"}]
display_hw_ila_data [upload_hw_ila_data [get_hw_ilas -of_objects [get_hw_devices xc7z020_1] -filter {CELL_NAME=~"img_proc_i/dvi2rgb_0/U0/GenerateDebug.ILA_PixClkx"}]]
INFO: [Labtools 27-1966] The ILA core 'hw_ila_1' triggered at 2019-Nov-03 18:17:26
INFO: [Labtools 27-3304] ILA Waveform data saved to file /home/austin/Desktop/projects/zybo/zybo_img_proc/vivado/img_proc/img_proc.hw/backup/hw_ila_data_1.ila. Use Tcl command 'read_hw_ila_data' or Vivado File->Import->Import ILA Data menu item to import the previously saved data.
run_hw_ila [get_hw_ilas -of_objects [get_hw_devices xc7z020_1] -filter {CELL_NAME=~"img_proc_i/dvi2rgb_0/U0/GenerateDebug.ILA_PixClkx"}]
INFO: [Labtools 27-1964] The ILA core 'hw_ila_1' trigger was armed at 2019-Nov-03 18:17:30
wait_on_hw_ila [get_hw_ilas -of_objects [get_hw_devices xc7z020_1] -filter {CELL_NAME=~"img_proc_i/dvi2rgb_0/U0/GenerateDebug.ILA_PixClkx"}]
display_hw_ila_data [upload_hw_ila_data [get_hw_ilas -of_objects [get_hw_devices xc7z020_1] -filter {CELL_NAME=~"img_proc_i/dvi2rgb_0/U0/GenerateDebug.ILA_PixClkx"}]]
INFO: [Labtools 27-1966] The ILA core 'hw_ila_1' triggered at 2019-Nov-03 18:17:30
INFO: [Labtools 27-3304] ILA Waveform data saved to file /home/austin/Desktop/projects/zybo/zybo_img_proc/vivado/img_proc/img_proc.hw/backup/hw_ila_data_1.ila. Use Tcl command 'read_hw_ila_data' or Vivado File->Import->Import ILA Data menu item to import the previously saved data.
run_hw_ila [get_hw_ilas -of_objects [get_hw_devices xc7z020_1] -filter {CELL_NAME=~"img_proc_i/dvi2rgb_0/U0/GenerateDebug.ILA_PixClkx"}]
INFO: [Labtools 27-1964] The ILA core 'hw_ila_1' trigger was armed at 2019-Nov-03 18:17:31
wait_on_hw_ila [get_hw_ilas -of_objects [get_hw_devices xc7z020_1] -filter {CELL_NAME=~"img_proc_i/dvi2rgb_0/U0/GenerateDebug.ILA_PixClkx"}]
display_hw_ila_data [upload_hw_ila_data [get_hw_ilas -of_objects [get_hw_devices xc7z020_1] -filter {CELL_NAME=~"img_proc_i/dvi2rgb_0/U0/GenerateDebug.ILA_PixClkx"}]]
INFO: [Labtools 27-1966] The ILA core 'hw_ila_1' triggered at 2019-Nov-03 18:17:31
INFO: [Labtools 27-3304] ILA Waveform data saved to file /home/austin/Desktop/projects/zybo/zybo_img_proc/vivado/img_proc/img_proc.hw/backup/hw_ila_data_1.ila. Use Tcl command 'read_hw_ila_data' or Vivado File->Import->Import ILA Data menu item to import the previously saved data.
save_wave_config {/home/austin/Desktop/projects/zybo/zybo_img_proc/vivado/img_proc/img_proc.hw/hw_1/wave/hw_ila_data_1/hw_ila_data_1.wcfg}
save_wave_config {/home/austin/Desktop/projects/zybo/zybo_img_proc/vivado/img_proc/img_proc.hw/hw_1/wave/hw_ila_data_2/hw_ila_data_2.wcfg}
exit
INFO: [Common 17-206] Exiting Vivado at Sun Nov  3 18:20:49 2019...
